[ 50%] Built target minimal_cpp_publisher
[ 50%] Built target ament_cmake_python_copy_ros2_fundamentals_examples
[ 75%] [32mBuilding CXX object CMakeFiles/minimal_cpp_subscriber.dir/src/cpp_minimal_subscriber.cpp.o[0m
running egg_info
writing ros2_fundamentals_examples.egg-info/PKG-INFO
writing dependency_links to ros2_fundamentals_examples.egg-info/dependency_links.txt
writing top-level names to ros2_fundamentals_examples.egg-info/top_level.txt
reading manifest file 'ros2_fundamentals_examples.egg-info/SOURCES.txt'
writing manifest file 'ros2_fundamentals_examples.egg-info/SOURCES.txt'
[ 75%] Built target ament_cmake_python_build_ros2_fundamentals_examples_egg
[01m[K/home/anurag-iyer16/ros2_ws/src/ros2_fundamentals_examples/src/cpp_minimal_subscriber.cpp:4:12:[m[K [01;31m[Kerror: [m[Kâ€˜[01m[Kstd::placeholder[m[Kâ€™ has not been declared
    4 | using std::[01;31m[Kplaceholder[m[K::_1;
      |            [01;31m[K^~~~~~~~~~~[m[K
[01m[K/home/anurag-iyer16/ros2_ws/src/ros2_fundamentals_examples/src/cpp_minimal_subscriber.cpp:8:9:[m[K [01;31m[Kerror: [m[KISO C++ forbids declaration of â€˜[01m[KMinimal_publisher[m[Kâ€™ with no type [[01;31m[K]8;;https://gcc.gnu.org/onlinedocs/gcc/Warning-Options.html#index-fpermissive-fpermissive]8;;[m[K]
    8 |         [01;31m[KMinimal_publisher[m[K():Node("minimal_cpp_subscriber"){
      |         [01;31m[K^~~~~~~~~~~~~~~~~[m[K
[01m[K/home/anurag-iyer16/ros2_ws/src/ros2_fundamentals_examples/src/cpp_minimal_subscriber.cpp:17:17:[m[K [01;31m[Kerror: [m[Kâ€˜[01m[KSubscripion[m[Kâ€™ in namespace â€˜[01m[Krclcpp[m[Kâ€™ does not name a template type; did you mean â€˜[01m[KSubscription[m[Kâ€™?
   17 |         rclcpp::[01;31m[KSubscripion[m[K<std_msgs::msg::String>::SharedPtr subsbcriber_;
      |                 [01;31m[K^~~~~~~~~~~[m[K
      |                 [32m[KSubscription[m[K
[01m[K/home/anurag-iyer16/ros2_ws/src/ros2_fundamentals_examples/src/cpp_minimal_subscriber.cpp:[m[K In member function â€˜[01m[Kint Minimal_subscriber::[01;32m[KMinimal_publisher[m[K()[m[Kâ€™:
[01m[K/home/anurag-iyer16/ros2_ws/src/ros2_fundamentals_examples/src/cpp_minimal_subscriber.cpp:8:29:[m[K [01;31m[Kerror: [m[Konly constructors take member initializers
    8 |         Minimal_publisher():[01;31m[KNode[m[K("minimal_cpp_subscriber"){
      |                             [01;31m[K^~~~[m[K
[01m[K/home/anurag-iyer16/ros2_ws/src/ros2_fundamentals_examples/src/cpp_minimal_subscriber.cpp:9:13:[m[K [01;31m[Kerror: [m[Kâ€˜[01m[Ksubsbcriber_[m[Kâ€™ was not declared in this scope
    9 |             [01;31m[Ksubsbcriber_[m[K=create_subscription<std_msgs::msg::String>("/cpp_example_topic", 10, std::bind(&Minimal_subscriber::topicCallback, this, _1));
      |             [01;31m[K^~~~~~~~~~~~[m[K
[01m[K/home/anurag-iyer16/ros2_ws/src/ros2_fundamentals_examples/src/cpp_minimal_subscriber.cpp:9:147:[m[K [01;31m[Kerror: [m[Kâ€˜[01m[K_1[m[Kâ€™ was not declared in this scope; did you mean â€˜[01m[Kstd::placeholders::_1[m[Kâ€™?
    9 |             subsbcriber_=create_subscription<std_msgs::msg::String>("/cpp_example_topic", 10, std::bind(&Minimal_subscriber::topicCallback, this, [01;31m[K_1[m[K));
      |                                                                                                                                                   [01;31m[K^~[m[K
      |                                                                                                                                                   [32m[Kstd::placeholders::_1[m[K
In file included from [01m[K/opt/ros/jazzy/include/rclcpp/rclcpp/utilities.hpp:19[m[K,
                 from [01m[K/opt/ros/jazzy/include/rclcpp/rclcpp/logging.hpp:25[m[K,
                 from [01m[K/opt/ros/jazzy/include/rclcpp/rclcpp/copy_all_parameter_values.hpp:27[m[K,
                 from [01m[K/opt/ros/jazzy/include/rclcpp/rclcpp/rclcpp.hpp:171[m[K,
                 from [01m[K/home/anurag-iyer16/ros2_ws/src/ros2_fundamentals_examples/src/cpp_minimal_subscriber.cpp:1[m[K:
[01m[K/usr/include/c++/13/functional:294:48:[m[K [01;36m[Knote: [m[Kâ€˜[01m[Kstd::placeholders::_1[m[Kâ€™ declared here
  294 |     _GLIBCXX_PLACEHOLDER const _Placeholder<1> [01;36m[K_1[m[K;
      |                                                [01;36m[K^~[m[K
[01m[K/home/anurag-iyer16/ros2_ws/src/ros2_fundamentals_examples/src/cpp_minimal_subscriber.cpp:10:9:[m[K [01;35m[Kwarning: [m[Kno return statement in function returning non-void [[01;35m[K]8;;https://gcc.gnu.org/onlinedocs/gcc/Warning-Options.html#index-Wreturn-type-Wreturn-type]8;;[m[K]
   10 |         [01;35m[K}[m[K
      |         [01;35m[K^[m[K
[01m[K/home/anurag-iyer16/ros2_ws/src/ros2_fundamentals_examples/src/cpp_minimal_subscriber.cpp:[m[K In function â€˜[01m[Kint[01;32m[K main[m[K(int, char**)[m[Kâ€™:
[01m[K/home/anurag-iyer16/ros2_ws/src/ros2_fundamentals_examples/src/cpp_minimal_subscriber.cpp:24:13:[m[K [01;31m[Kerror: [m[Kâ€˜[01m[Ksipn[m[Kâ€™ is not a member of â€˜[01m[Krclcpp[m[Kâ€™; did you mean â€˜[01m[Kspin[m[Kâ€™?
   24 |     rclcpp::[01;31m[Ksipn[m[K(minimal_cpp_subscriber_node);
      |             [01;31m[K^~~~[m[K
      |             [32m[Kspin[m[K
In file included from [01m[K/usr/include/c++/13/bits/stl_tempbuf.h:61[m[K,
                 from [01m[K/usr/include/c++/13/memory:66[m[K,
                 from [01m[K/opt/ros/jazzy/include/rclcpp/rclcpp/rclcpp.hpp:169[m[K:
/usr/include/c++/13/bits/stl_construct.h: In instantiation of â€˜[01m[Kvoid std::[01;32m[K_Construct[m[K(_Tp*, _Args&& ...) [35m[K[with _Tp = Minimal_subscriber; _Args = {}][m[K[m[Kâ€™:
[01m[K/usr/include/c++/13/bits/alloc_traits.h:661:19:[m[K   required from â€˜[01m[Kstatic void std::allocator_traits<std::allocator<void> >::[01;32m[Kconstruct[m[K(allocator_type&, _Up*, _Args&& ...) [35m[K[with _Up = Minimal_subscriber; _Args = {}; allocator_type = std::allocator<void>][m[K[m[Kâ€™
[01m[K/usr/include/c++/13/bits/shared_ptr_base.h:604:39:[m[K   required from â€˜[01m[Kstd::_Sp_counted_ptr_inplace<_Tp, _Alloc, _Lp>::[01;32m[K_Sp_counted_ptr_inplace[m[K(_Alloc, _Args&& ...) [35m[K[with _Args = {}; _Tp = Minimal_subscriber; _Alloc = std::allocator<void>; __gnu_cxx::_Lock_policy _Lp = __gnu_cxx::_S_atomic][m[K[m[Kâ€™
[01m[K/usr/include/c++/13/bits/shared_ptr_base.h:971:16:[m[K   required from â€˜[01m[Kstd::__shared_count<_Lp>::[01;32m[K__shared_count[m[K(_Tp*&, std::_Sp_alloc_shared_tag<_Alloc>, _Args&& ...) [35m[K[with _Tp = Minimal_subscriber; _Alloc = std::allocator<void>; _Args = {}; __gnu_cxx::_Lock_policy _Lp = __gnu_cxx::_S_atomic][m[K[m[Kâ€™
[01m[K/usr/include/c++/13/bits/shared_ptr_base.h:1712:14:[m[K   required from â€˜[01m[Kstd::__shared_ptr<_Tp, _Lp>::[01;32m[K__shared_ptr[m[K(std::_Sp_alloc_shared_tag<_Tp>, _Args&& ...) [35m[K[with _Alloc = std::allocator<void>; _Args = {}; _Tp = Minimal_subscriber; __gnu_cxx::_Lock_policy _Lp = __gnu_cxx::_S_atomic][m[K[m[Kâ€™
[01m[K/usr/include/c++/13/bits/shared_ptr.h:464:59:[m[K   required from â€˜[01m[Kstd::shared_ptr<_Tp>::[01;32m[Kshared_ptr[m[K(std::_Sp_alloc_shared_tag<_Tp>, _Args&& ...) [35m[K[with _Alloc = std::allocator<void>; _Args = {}; _Tp = Minimal_subscriber][m[K[m[Kâ€™
[01m[K/usr/include/c++/13/bits/shared_ptr.h:1009:14:[m[K   required from â€˜[01m[Kstd::shared_ptr<typename std::enable_if<(! std::is_array< <template-parameter-1-1> >::value), _Tp>::type> std::[01;32m[Kmake_shared[m[K(_Args&& ...) [35m[K[with _Tp = Minimal_subscriber; _Args = {}; typename enable_if<(! is_array< <template-parameter-1-1> >::value), _Tp>::type = Minimal_subscriber][m[K[m[Kâ€™
[01m[K/home/anurag-iyer16/ros2_ws/src/ros2_fundamentals_examples/src/cpp_minimal_subscriber.cpp:23:74:[m[K   required from here
[01m[K/usr/include/c++/13/bits/stl_construct.h:119:7:[m[K [01;31m[Kerror: [m[Kuse of deleted function â€˜[01m[KMinimal_subscriber::[01;32m[KMinimal_subscriber[m[K()[m[Kâ€™
  119 |       [01;31m[K::new((void*)__p) _Tp(std::forward<_Args>(__args)...)[m[K;
      |       [01;31m[K^~~~~~~~~~~~~~~~~~~~~~~~~~~~~~~~~~~~~~~~~~~~~~~~~~~~~[m[K
[01m[K/home/anurag-iyer16/ros2_ws/src/ros2_fundamentals_examples/src/cpp_minimal_subscriber.cpp:6:7:[m[K [01;36m[Knote: [m[Kâ€˜[01m[KMinimal_subscriber::[01;32m[KMinimal_subscriber[m[K()[m[Kâ€™ is implicitly deleted because the default definition would be ill-formed:
    6 | class [01;36m[KMinimal_subscriber[m[K:public rclcpp::Node {
      |       [01;36m[K^~~~~~~~~~~~~~~~~~[m[K
[01m[K/home/anurag-iyer16/ros2_ws/src/ros2_fundamentals_examples/src/cpp_minimal_subscriber.cpp:6:7:[m[K [01;31m[Kerror: [m[Kno matching function for call to â€˜[01m[Krclcpp::Node::Node()[m[Kâ€™
In file included from [01m[K/opt/ros/jazzy/include/rclcpp/rclcpp/executors/single_threaded_executor.hpp:28[m[K,
                 from [01m[K/opt/ros/jazzy/include/rclcpp/rclcpp/executors.hpp:22[m[K,
                 from [01m[K/opt/ros/jazzy/include/rclcpp/rclcpp/rclcpp.hpp:172[m[K:
[01m[K/opt/ros/jazzy/include/rclcpp/rclcpp/node.hpp:1629:3:[m[K [01;36m[Knote: [m[Kcandidate: â€˜[01m[Krclcpp::Node::[01;32m[KNode[m[K(const rclcpp::Node&, const std::string&)[m[Kâ€™
 1629 |   [01;36m[KNode[m[K(
      |   [01;36m[K^~~~[m[K
[01m[K/opt/ros/jazzy/include/rclcpp/rclcpp/node.hpp:1629:3:[m[K [01;36m[Knote: [m[K  candidate expects 2 arguments, 0 provided
[01m[K/opt/ros/jazzy/include/rclcpp/rclcpp/node.hpp:103:12:[m[K [01;36m[Knote: [m[Kcandidate: â€˜[01m[Krclcpp::Node::[01;32m[KNode[m[K(const std::string&, const std::string&, const rclcpp::NodeOptions&)[m[Kâ€™
  103 |   explicit [01;36m[KNode[m[K(
      |            [01;36m[K^~~~[m[K
[01m[K/opt/ros/jazzy/include/rclcpp/rclcpp/node.hpp:103:12:[m[K [01;36m[Knote: [m[K  candidate expects 3 arguments, 0 provided
[01m[K/opt/ros/jazzy/include/rclcpp/rclcpp/node.hpp:91:12:[m[K [01;36m[Knote: [m[Kcandidate: â€˜[01m[Krclcpp::Node::[01;32m[KNode[m[K(const std::string&, const rclcpp::NodeOptions&)[m[Kâ€™
   91 |   explicit [01;36m[KNode[m[K(
      |            [01;36m[K^~~~[m[K
[01m[K/opt/ros/jazzy/include/rclcpp/rclcpp/node.hpp:91:12:[m[K [01;36m[Knote: [m[K  candidate expects 2 arguments, 0 provided
gmake[2]: *** [CMakeFiles/minimal_cpp_subscriber.dir/build.make:76: CMakeFiles/minimal_cpp_subscriber.dir/src/cpp_minimal_subscriber.cpp.o] Error 1
gmake[1]: *** [CMakeFiles/Makefile2:168: CMakeFiles/minimal_cpp_subscriber.dir/all] Error 2
gmake: *** [Makefile:146: all] Error 2
