[0.000000] (-) TimerEvent: {}
[0.000491] (ros2_fundamentals_examples) JobQueued: {'identifier': 'ros2_fundamentals_examples', 'dependencies': OrderedDict()}
[0.000591] (ros2_fundamentals_examples) JobStarted: {'identifier': 'ros2_fundamentals_examples'}
[0.006336] (ros2_fundamentals_examples) JobProgress: {'identifier': 'ros2_fundamentals_examples', 'progress': 'cmake'}
[0.006887] (ros2_fundamentals_examples) JobProgress: {'identifier': 'ros2_fundamentals_examples', 'progress': 'build'}
[0.007373] (ros2_fundamentals_examples) Command: {'cmd': ['/usr/bin/cmake', '--build', '/home/anurag-iyer16/ros2_ws/build/ros2_fundamentals_examples', '--', '-j12', '-l12'], 'cwd': '/home/anurag-iyer16/ros2_ws/build/ros2_fundamentals_examples', 'env': OrderedDict({'SUDO_GID': '0', 'LESSOPEN': '| /usr/bin/lesspipe %s', 'MAIL': '/var/mail/anurag-iyer16', 'GZ_SIM_RESOURCE_PATH': '/opt/ros/jazzy/share', 'USER': 'anurag-iyer16', 'GZ_CONFIG_PATH': '/opt/ros/jazzy/opt/gz_sim_vendor/share/gz:/opt/ros/jazzy/opt/sdformat_vendor/share/gz:/opt/ros/jazzy/opt/gz_gui_vendor/share/gz:/opt/ros/jazzy/opt/gz_transport_vendor/share/gz:/opt/ros/jazzy/opt/gz_rendering_vendor/share/gz:/opt/ros/jazzy/opt/gz_plugin_vendor/share/gz:/opt/ros/jazzy/opt/gz_fuel_tools_vendor/share/gz:/opt/ros/jazzy/opt/gz_msgs_vendor/share/gz:/opt/ros/jazzy/opt/gz_common_vendor/share/gz', 'SHLVL': '1', 'LD_LIBRARY_PATH': '/opt/ros/jazzy/opt/gz_sim_vendor/lib:/opt/ros/jazzy/opt/gz_sensors_vendor/lib:/opt/ros/jazzy/opt/gz_physics_vendor/lib:/opt/ros/jazzy/opt/sdformat_vendor/lib:/opt/ros/jazzy/opt/rviz_ogre_vendor/lib:/opt/ros/jazzy/lib/x86_64-linux-gnu:/opt/ros/jazzy/opt/gz_gui_vendor/lib:/opt/ros/jazzy/opt/gz_transport_vendor/lib:/opt/ros/jazzy/opt/gz_rendering_vendor/lib:/opt/ros/jazzy/opt/gz_plugin_vendor/lib:/opt/ros/jazzy/opt/gz_fuel_tools_vendor/lib:/opt/ros/jazzy/opt/gz_msgs_vendor/lib:/opt/ros/jazzy/opt/gz_common_vendor/lib:/opt/ros/jazzy/opt/gz_math_vendor/lib:/opt/ros/jazzy/opt/gz_utils_vendor/lib:/opt/ros/jazzy/opt/gz_tools_vendor/lib:/opt/ros/jazzy/opt/gz_ogre_next_vendor/lib:/opt/ros/jazzy/opt/gz_dartsim_vendor/lib:/opt/ros/jazzy/opt/gz_cmake_vendor/lib:/opt/ros/jazzy/lib', 'HOME': '/home/anurag-iyer16', 'OLDPWD': '/home/anurag-iyer16/ros2_ws', 'ROS_PYTHON_VERSION': '3', 'COLCON_PREFIX_PATH': '/home/anurag-iyer16/ros2_ws/install', 'SUDO_UID': '0', 'ROS_DISTRO': 'jazzy', 'LOGNAME': 'anurag-iyer16', '_': '/usr/bin/colcon', 'ROS_VERSION': '2', 'TERM': 'xterm-256color', 'PATH': '/opt/ros/jazzy/opt/gz_msgs_vendor/bin:/opt/ros/jazzy/opt/gz_tools_vendor/bin:/opt/ros/jazzy/opt/gz_ogre_next_vendor/bin:/opt/ros/jazzy/bin:/usr/local/sbin:/usr/local/bin:/usr/sbin:/usr/bin:/sbin:/bin:/usr/games:/usr/local/games:/snap/bin', 'LANG': 'en_US.UTF-8', 'LS_COLORS': 'rs=0:di=01;34:ln=01;36:mh=00:pi=40;33:so=01;35:do=01;35:bd=40;33;01:cd=40;33;01:or=40;31;01:mi=00:su=37;41:sg=30;43:ca=00:tw=30;42:ow=34;42:st=37;44:ex=01;32:*.tar=01;31:*.tgz=01;31:*.arc=01;31:*.arj=01;31:*.taz=01;31:*.lha=01;31:*.lz4=01;31:*.lzh=01;31:*.lzma=01;31:*.tlz=01;31:*.txz=01;31:*.tzo=01;31:*.t7z=01;31:*.zip=01;31:*.z=01;31:*.dz=01;31:*.gz=01;31:*.lrz=01;31:*.lz=01;31:*.lzo=01;31:*.xz=01;31:*.zst=01;31:*.tzst=01;31:*.bz2=01;31:*.bz=01;31:*.tbz=01;31:*.tbz2=01;31:*.tz=01;31:*.deb=01;31:*.rpm=01;31:*.jar=01;31:*.war=01;31:*.ear=01;31:*.sar=01;31:*.rar=01;31:*.alz=01;31:*.ace=01;31:*.zoo=01;31:*.cpio=01;31:*.7z=01;31:*.rz=01;31:*.cab=01;31:*.wim=01;31:*.swm=01;31:*.dwm=01;31:*.esd=01;31:*.avif=01;35:*.jpg=01;35:*.jpeg=01;35:*.mjpg=01;35:*.mjpeg=01;35:*.gif=01;35:*.bmp=01;35:*.pbm=01;35:*.pgm=01;35:*.ppm=01;35:*.tga=01;35:*.xbm=01;35:*.xpm=01;35:*.tif=01;35:*.tiff=01;35:*.png=01;35:*.svg=01;35:*.svgz=01;35:*.mng=01;35:*.pcx=01;35:*.mov=01;35:*.mpg=01;35:*.mpeg=01;35:*.m2v=01;35:*.mkv=01;35:*.webm=01;35:*.webp=01;35:*.ogm=01;35:*.mp4=01;35:*.m4v=01;35:*.mp4v=01;35:*.vob=01;35:*.qt=01;35:*.nuv=01;35:*.wmv=01;35:*.asf=01;35:*.rm=01;35:*.rmvb=01;35:*.flc=01;35:*.avi=01;35:*.fli=01;35:*.flv=01;35:*.gl=01;35:*.dl=01;35:*.xcf=01;35:*.xwd=01;35:*.yuv=01;35:*.cgm=01;35:*.emf=01;35:*.ogv=01;35:*.ogx=01;35:*.aac=00;36:*.au=00;36:*.flac=00;36:*.m4a=00;36:*.mid=00;36:*.midi=00;36:*.mka=00;36:*.mp3=00;36:*.mpc=00;36:*.ogg=00;36:*.ra=00;36:*.wav=00;36:*.oga=00;36:*.opus=00;36:*.spx=00;36:*.xspf=00;36:*~=00;90:*#=00;90:*.bak=00;90:*.crdownload=00;90:*.dpkg-dist=00;90:*.dpkg-new=00;90:*.dpkg-old=00;90:*.dpkg-tmp=00;90:*.old=00;90:*.orig=00;90:*.part=00;90:*.rej=00;90:*.rpmnew=00;90:*.rpmorig=00;90:*.rpmsave=00;90:*.swp=00;90:*.tmp=00;90:*.ucf-dist=00;90:*.ucf-new=00;90:*.ucf-old=00;90:', 'SUDO_COMMAND': '/usr/bin/su anurag-iyer16', 'AMENT_PREFIX_PATH': '/home/anurag-iyer16/ros2_ws/install/ros2_fundamentals_examples:/home/anurag-iyer16/ros2_ws/install/my_robot_controller:/opt/ros/jazzy', 'SHELL': '/bin/bash', 'SUDO_USER': 'root', 'LESSCLOSE': '/usr/bin/lesspipe %s %s', 'ROS_AUTOMATIC_DISCOVERY_RANGE': 'SUBNET', 'PWD': '/home/anurag-iyer16/ros2_ws/build/ros2_fundamentals_examples', 'LC_ALL': 'en_US.UTF-8', 'PYTHONPATH': '/home/anurag-iyer16/ros2_ws/install/ros2_fundamentals_examples/lib/python3.12/site-packages:/home/anurag-iyer16/ros2_ws/install/my_robot_controller/lib/python3.12/site-packages:/opt/ros/jazzy/lib/python3.12/site-packages', 'COLCON': '1', 'CMAKE_PREFIX_PATH': '/home/anurag-iyer16/ros2_ws/install/ros2_fundamentals_examples:/opt/ros/jazzy/opt/gz_sim_vendor:/opt/ros/jazzy/opt/gz_sensors_vendor:/opt/ros/jazzy/opt/gz_physics_vendor:/opt/ros/jazzy/opt/sdformat_vendor:/opt/ros/jazzy/opt/gz_gui_vendor:/opt/ros/jazzy/opt/gz_transport_vendor:/opt/ros/jazzy/opt/gz_rendering_vendor:/opt/ros/jazzy/opt/gz_plugin_vendor:/opt/ros/jazzy/opt/gz_fuel_tools_vendor:/opt/ros/jazzy/opt/gz_msgs_vendor:/opt/ros/jazzy/opt/gz_common_vendor:/opt/ros/jazzy/opt/gz_math_vendor:/opt/ros/jazzy/opt/gz_utils_vendor:/opt/ros/jazzy/opt/gz_tools_vendor:/opt/ros/jazzy/opt/gz_ogre_next_vendor:/opt/ros/jazzy/opt/gz_dartsim_vendor:/opt/ros/jazzy/opt/gz_cmake_vendor:/home/anurag-iyer16/ros2_ws/install/my_robot_controller:/opt/ros/jazzy'}), 'shell': False}
[0.030321] (ros2_fundamentals_examples) StdoutLine: {'line': b'-- Found ament_cmake: 2.5.4 (/opt/ros/jazzy/share/ament_cmake/cmake)\n'}
[0.099881] (-) TimerEvent: {}
[0.200151] (-) TimerEvent: {}
[0.206233] (ros2_fundamentals_examples) StdoutLine: {'line': b'-- Found rclcpp: 28.1.13 (/opt/ros/jazzy/share/rclcpp/cmake)\n'}
[0.225658] (ros2_fundamentals_examples) StdoutLine: {'line': b'-- Found rosidl_generator_c: 4.6.6 (/opt/ros/jazzy/share/rosidl_generator_c/cmake)\n'}
[0.231683] (ros2_fundamentals_examples) StdoutLine: {'line': b'-- Found rosidl_generator_cpp: 4.6.6 (/opt/ros/jazzy/share/rosidl_generator_cpp/cmake)\n'}
[0.239499] (ros2_fundamentals_examples) StdoutLine: {'line': b'-- Using all available rosidl_typesupport_c: rosidl_typesupport_fastrtps_c;rosidl_typesupport_introspection_c\n'}
[0.248489] (ros2_fundamentals_examples) StdoutLine: {'line': b'-- Using all available rosidl_typesupport_cpp: rosidl_typesupport_fastrtps_cpp;rosidl_typesupport_introspection_cpp\n'}
[0.291901] (ros2_fundamentals_examples) StdoutLine: {'line': b'-- Found rmw_implementation_cmake: 7.3.2 (/opt/ros/jazzy/share/rmw_implementation_cmake/cmake)\n'}
[0.292846] (ros2_fundamentals_examples) StdoutLine: {'line': b'-- Found rmw_fastrtps_cpp: 8.4.3 (/opt/ros/jazzy/share/rmw_fastrtps_cpp/cmake)\n'}
[0.300349] (-) TimerEvent: {}
[0.341176] (ros2_fundamentals_examples) StdoutLine: {'line': b"-- Using RMW implementation 'rmw_fastrtps_cpp' as default\n"}
[0.386823] (ros2_fundamentals_examples) StdoutLine: {'line': b'-- Found rclpy: 7.1.6 (/opt/ros/jazzy/share/rclpy/cmake)\n'}
[0.387022] (ros2_fundamentals_examples) StdoutLine: {'line': b'-- Found std_msgs: 5.3.6 (/opt/ros/jazzy/share/std_msgs/cmake)\n'}
[0.400544] (-) TimerEvent: {}
[0.461213] (ros2_fundamentals_examples) StdoutLine: {'line': b'-- Found ament_lint_auto: 0.17.3 (/opt/ros/jazzy/share/ament_lint_auto/cmake)\n'}
[0.500750] (-) TimerEvent: {}
[0.529142] (ros2_fundamentals_examples) StdoutLine: {'line': b"-- Added test 'cppcheck' to perform static code analysis on C / C++ code\n"}
[0.529347] (ros2_fundamentals_examples) StdoutLine: {'line': b'-- Configured cppcheck include dirs: /home/anurag-iyer16/ros2_ws/src/ros2_fundamentals_examples/include\n'}
[0.529482] (ros2_fundamentals_examples) StdoutLine: {'line': b'-- Configured cppcheck exclude dirs and/or files: \n'}
[0.529695] (ros2_fundamentals_examples) StdoutLine: {'line': b"-- Added test 'flake8' to check Python code syntax and style conventions\n"}
[0.529797] (ros2_fundamentals_examples) StdoutLine: {'line': b"-- Configured 'flake8' exclude dirs and/or files: \n"}
[0.529983] (ros2_fundamentals_examples) StdoutLine: {'line': b"-- Added test 'lint_cmake' to check CMake code style\n"}
[0.530110] (ros2_fundamentals_examples) StdoutLine: {'line': b"-- Added test 'pep257' to check Python code against some of the docstring style conventions in PEP 257\n"}
[0.530322] (ros2_fundamentals_examples) StdoutLine: {'line': b"-- Added test 'uncrustify' to check C / C++ code style\n"}
[0.530413] (ros2_fundamentals_examples) StdoutLine: {'line': b'-- Configured uncrustify additional arguments: \n'}
[0.530616] (ros2_fundamentals_examples) StdoutLine: {'line': b"-- Added test 'xmllint' to check XML markup files\n"}
[0.531270] (ros2_fundamentals_examples) StdoutLine: {'line': b'-- Configuring done (0.5s)\n'}
[0.534677] (ros2_fundamentals_examples) StderrLine: {'line': b'\x1b[33mCMake Warning (dev) at CMakeLists.txt:27 (add_executable):\n'}
[0.534829] (ros2_fundamentals_examples) StderrLine: {'line': b'  Policy CMP0115 is not set: Source file extensions must be explicit.  Run\n'}
[0.534921] (ros2_fundamentals_examples) StderrLine: {'line': b'  "cmake --help-policy CMP0115" for policy details.  Use the cmake_policy\n'}
[0.535004] (ros2_fundamentals_examples) StderrLine: {'line': b'  command to set the policy and suppress this warning.\n'}
[0.535085] (ros2_fundamentals_examples) StderrLine: {'line': b'\n'}
[0.535165] (ros2_fundamentals_examples) StderrLine: {'line': b'  File:\n'}
[0.535245] (ros2_fundamentals_examples) StderrLine: {'line': b'\n'}
[0.535322] (ros2_fundamentals_examples) StderrLine: {'line': b'    /home/anurag-iyer16/ros2_ws/src/ros2_fundamentals_examples/src/cpp_minimal_publisher.cpp\n'}
[0.535399] (ros2_fundamentals_examples) StderrLine: {'line': b'This warning is for project developers.  Use -Wno-dev to suppress it.\n'}
[0.535483] (ros2_fundamentals_examples) StderrLine: {'line': b'\x1b[0m\n'}
[0.544511] (ros2_fundamentals_examples) StdoutLine: {'line': b'-- Generating done (0.0s)\n'}
[0.547166] (ros2_fundamentals_examples) StdoutLine: {'line': b'-- Build files have been written to: /home/anurag-iyer16/ros2_ws/build/ros2_fundamentals_examples\n'}
[0.588442] (ros2_fundamentals_examples) StdoutLine: {'line': b'[ 50%] \x1b[32mBuilding CXX object CMakeFiles/minimal_cpp_publisher.dir/src/cpp_minimal_publisher.cpp.o\x1b[0m\n'}
[0.597646] (ros2_fundamentals_examples) StdoutLine: {'line': b'[ 50%] Built target ament_cmake_python_copy_ros2_fundamentals_examples\n'}
[0.600847] (-) TimerEvent: {}
[0.701227] (-) TimerEvent: {}
[0.754298] (ros2_fundamentals_examples) StdoutLine: {'line': b'running egg_info\n'}
[0.767385] (ros2_fundamentals_examples) StdoutLine: {'line': b'writing ros2_fundamentals_examples.egg-info/PKG-INFO\n'}
[0.767665] (ros2_fundamentals_examples) StdoutLine: {'line': b'writing dependency_links to ros2_fundamentals_examples.egg-info/dependency_links.txt\n'}
[0.767940] (ros2_fundamentals_examples) StdoutLine: {'line': b'writing top-level names to ros2_fundamentals_examples.egg-info/top_level.txt\n'}
[0.801349] (-) TimerEvent: {}
[0.805826] (ros2_fundamentals_examples) StdoutLine: {'line': b"reading manifest file 'ros2_fundamentals_examples.egg-info/SOURCES.txt'\n"}
[0.806423] (ros2_fundamentals_examples) StdoutLine: {'line': b"writing manifest file 'ros2_fundamentals_examples.egg-info/SOURCES.txt'\n"}
[0.829527] (ros2_fundamentals_examples) StdoutLine: {'line': b'[ 50%] Built target ament_cmake_python_build_ros2_fundamentals_examples_egg\n'}
[0.901561] (-) TimerEvent: {}
[1.001945] (-) TimerEvent: {}
[1.102307] (-) TimerEvent: {}
[1.202662] (-) TimerEvent: {}
[1.303028] (-) TimerEvent: {}
[1.403385] (-) TimerEvent: {}
[1.503871] (-) TimerEvent: {}
[1.604173] (-) TimerEvent: {}
[1.704513] (-) TimerEvent: {}
[1.804732] (-) TimerEvent: {}
[1.904978] (-) TimerEvent: {}
[2.005225] (-) TimerEvent: {}
[2.071976] (ros2_fundamentals_examples) StderrLine: {'line': b'In file included from \x1b[01m\x1b[K/opt/ros/jazzy/include/rclcpp/rclcpp/utilities.hpp:19\x1b[m\x1b[K,\n'}
[2.072129] (ros2_fundamentals_examples) StderrLine: {'line': b'                 from \x1b[01m\x1b[K/opt/ros/jazzy/include/rclcpp/rclcpp/logging.hpp:25\x1b[m\x1b[K,\n'}
[2.072178] (ros2_fundamentals_examples) StderrLine: {'line': b'                 from \x1b[01m\x1b[K/opt/ros/jazzy/include/rclcpp/rclcpp/copy_all_parameter_values.hpp:27\x1b[m\x1b[K,\n'}
[2.072219] (ros2_fundamentals_examples) StderrLine: {'line': b'                 from \x1b[01m\x1b[K/opt/ros/jazzy/include/rclcpp/rclcpp/rclcpp.hpp:171\x1b[m\x1b[K,\n'}
[2.072259] (ros2_fundamentals_examples) StderrLine: {'line': b'                 from \x1b[01m\x1b[K/home/anurag-iyer16/ros2_ws/src/ros2_fundamentals_examples/src/cpp_minimal_publisher.cpp:1\x1b[m\x1b[K:\n'}
[2.072300] (ros2_fundamentals_examples) StderrLine: {'line': b'/usr/include/c++/13/functional: In instantiation of \xe2\x80\x98\x1b[01m\x1b[Kstruct std::_Bind_check_arity<void (Minimal_publisher::*)()>\x1b[m\x1b[K\xe2\x80\x99:\n'}
[2.072488] (ros2_fundamentals_examples) StderrLine: {'line': b'\x1b[01m\x1b[K/usr/include/c++/13/functional:859:12:\x1b[m\x1b[K   required from \xe2\x80\x98\x1b[01m\x1b[Kstruct std::_Bind_helper<false, void (Minimal_publisher::*)()>\x1b[m\x1b[K\xe2\x80\x99\n'}
[2.072684] (ros2_fundamentals_examples) StderrLine: {'line': b'\x1b[01m\x1b[K/usr/include/c++/13/functional:881:5:\x1b[m\x1b[K   required by substitution of \xe2\x80\x98\x1b[01m\x1b[Ktemplate<class _Func, class ... _BoundArgs> typename std::_Bind_helper<std::__is_socketlike<_Func>::value, _Func, _BoundArgs ...>::type std::\x1b[01;32m\x1b[Kbind\x1b[m\x1b[K(_Func&&, _BoundArgs&& ...) \x1b[35m\x1b[K[with _Func = void (Minimal_publisher::*)(); _BoundArgs = {}]\x1b[m\x1b[K\x1b[m\x1b[K\xe2\x80\x99\n'}
[2.072735] (ros2_fundamentals_examples) StderrLine: {'line': b'\x1b[01m\x1b[K/home/anurag-iyer16/ros2_ws/src/ros2_fundamentals_examples/src/cpp_minimal_publisher.cpp:11:51:\x1b[m\x1b[K   required from here\n'}
[2.072783] (ros2_fundamentals_examples) StderrLine: {'line': b'\x1b[01m\x1b[K/usr/include/c++/13/functional:847:21:\x1b[m\x1b[K \x1b[01;31m\x1b[Kerror: \x1b[m\x1b[Kstatic assertion failed: Wrong number of arguments for pointer-to-member\n'}
[2.072824] (ros2_fundamentals_examples) StderrLine: {'line': b'  846 |       static_assert(_Varargs::\x1b[01;31m\x1b[Kvalue\x1b[m\x1b[K\n'}
[2.072861] (ros2_fundamentals_examples) StderrLine: {'line': b'      |                               \x1b[01;31m\x1b[K~~~~~\x1b[m\x1b[K\n'}
[2.072897] (ros2_fundamentals_examples) StderrLine: {'line': b'  847 | \x1b[01;31m\x1b[K                    ? sizeof...(_BoundArgs) >= _Arity::value + 1\x1b[m\x1b[K\n'}
[2.072934] (ros2_fundamentals_examples) StderrLine: {'line': b'      |                     \x1b[01;31m\x1b[K^~~~~~~~~~~~~~~~~~~~~~~~~~~~~~~~~~~~~~~~~~~~\x1b[m\x1b[K\n'}
[2.072970] (ros2_fundamentals_examples) StderrLine: {'line': b'  848 | \x1b[01;31m\x1b[K                    : sizeof...(_BoundArgs) == _Arity::value + 1\x1b[m\x1b[K,\n'}
[2.073004] (ros2_fundamentals_examples) StderrLine: {'line': b'      |                     \x1b[01;31m\x1b[K~~~~~~~~~~~~~~~~~~~~~~~~~~~~~~~~~~~~~~~~~~~~\x1b[m\x1b[K\n'}
[2.073039] (ros2_fundamentals_examples) StderrLine: {'line': b'\x1b[01m\x1b[K/usr/include/c++/13/functional:847:21:\x1b[m\x1b[K \x1b[01;36m\x1b[Knote: \x1b[m\x1b[K\xe2\x80\x98\x1b[01m\x1b[K(false ? (0 >= (((long unsigned int)std::integral_constant<long unsigned int, 0>::value) + 1)) : (0 == (((long unsigned int)std::integral_constant<long unsigned int, 0>::value) + 1)))\x1b[m\x1b[K\xe2\x80\x99 evaluates to false\n'}
[2.073078] (ros2_fundamentals_examples) StderrLine: {'line': b'/usr/include/c++/13/functional: In substitution of \xe2\x80\x98\x1b[01m\x1b[Ktemplate<class _Functor, class ... _Bound_args> template<class _Fn, class _CallArgs, class ... _BArgs> using std::_Bind<_Functor(_Bound_args ...)>::_Res_type_impl = typename std::result_of<_Fn&(decltype (std::_Mu<typename std::remove_cv<_BArgs>::type, std::is_bind_expression<typename std::remove_cv<_BArgs>::type>::value, (std::is_placeholder<typename std::remove_cv<_BArgs>::type>::value > 0)>()(declval<_BArgs&>(), declval<_CallArgs&>()))&& ...)>::type \x1b[35m\x1b[K[with _Fn = void (Minimal_publisher::*)(); _BArgs = _CallArgs; _Functor = void (Minimal_publisher::*)(); _Bound_args = {}]\x1b[m\x1b[K\x1b[m\x1b[K\xe2\x80\x99:\n'}
[2.073124] (ros2_fundamentals_examples) StderrLine: {'line': b'\x1b[01m\x1b[K/usr/include/c++/13/functional:556:8:\x1b[m\x1b[K   required from \xe2\x80\x98\x1b[01m\x1b[Kclass std::_Bind<void (Minimal_publisher::*())()>\x1b[m\x1b[K\xe2\x80\x99\n'}
[2.073162] (ros2_fundamentals_examples) StderrLine: {'line': b'\x1b[01m\x1b[K/home/anurag-iyer16/ros2_ws/src/ros2_fundamentals_examples/src/cpp_minimal_publisher.cpp:11:51:\x1b[m\x1b[K   required from here\n'}
[2.073198] (ros2_fundamentals_examples) StderrLine: {'line': b'\x1b[01m\x1b[K/usr/include/c++/13/functional:552:15:\x1b[m\x1b[K \x1b[01;31m\x1b[Kerror: \x1b[m\x1b[Kno type named \xe2\x80\x98\x1b[01m\x1b[Ktype\x1b[m\x1b[K\xe2\x80\x99 in \xe2\x80\x98\x1b[01m\x1b[Kstruct std::result_of<void (Minimal_publisher::*&())()>\x1b[m\x1b[K\xe2\x80\x99\n'}
[2.073237] (ros2_fundamentals_examples) StderrLine: {'line': b'  552 |         using \x1b[01;31m\x1b[K_Res_type_impl\x1b[m\x1b[K\n'}
[2.073272] (ros2_fundamentals_examples) StderrLine: {'line': b'      |               \x1b[01;31m\x1b[K^~~~~~~~~~~~~~\x1b[m\x1b[K\n'}
[2.073309] (ros2_fundamentals_examples) StderrLine: {'line': b'/usr/include/c++/13/functional: In substitution of \xe2\x80\x98\x1b[01m\x1b[Ktemplate<class _Functor, class ... _Bound_args> template<class _Fn, class _CallArgs, class ... _BArgs> using std::_Bind<_Functor(_Bound_args ...)>::_Res_type_impl = typename std::result_of<_Fn&(decltype (std::_Mu<typename std::remove_cv<_BArgs>::type, std::is_bind_expression<typename std::remove_cv<_BArgs>::type>::value, (std::is_placeholder<typename std::remove_cv<_BArgs>::type>::value > 0)>()(declval<_BArgs&>(), declval<_CallArgs&>()))&& ...)>::type \x1b[35m\x1b[K[with _Fn = void (Minimal_publisher::*)(); _CallArgs = std::tuple<_UTypes ...>; _BArgs = {}; _Functor = void (Minimal_publisher::*)(); _Bound_args = {}]\x1b[m\x1b[K\x1b[m\x1b[K\xe2\x80\x99:\n'}
[2.073351] (ros2_fundamentals_examples) StderrLine: {'line': b'\x1b[01m\x1b[K/usr/include/c++/13/functional:556:8:\x1b[m\x1b[K   required by substitution of \xe2\x80\x98\x1b[01m\x1b[Ktemplate<class _Functor, class ... _Bound_args> template<class _CallArgs> using std::_Bind<_Functor(_Bound_args ...)>::_Res_type = std::_Bind<_Functor(_Bound_args ...)>::_Res_type_impl<_Functor, _CallArgs, _Bound_args ...> \x1b[35m\x1b[K[with _CallArgs = std::tuple<_UTypes ...>; _Functor = void (Minimal_publisher::*)(); _Bound_args = {}]\x1b[m\x1b[K\x1b[m\x1b[K\xe2\x80\x99\n'}
[2.073392] (ros2_fundamentals_examples) StderrLine: {'line': b'\x1b[01m\x1b[K/usr/include/c++/13/functional:589:2:\x1b[m\x1b[K   required from \xe2\x80\x98\x1b[01m\x1b[Kclass std::_Bind<void (Minimal_publisher::*())()>\x1b[m\x1b[K\xe2\x80\x99\n'}
[2.073429] (ros2_fundamentals_examples) StderrLine: {'line': b'\x1b[01m\x1b[K/home/anurag-iyer16/ros2_ws/src/ros2_fundamentals_examples/src/cpp_minimal_publisher.cpp:11:51:\x1b[m\x1b[K   required from here\n'}
[2.073472] (ros2_fundamentals_examples) StderrLine: {'line': b'\x1b[01m\x1b[K/usr/include/c++/13/functional:552:15:\x1b[m\x1b[K \x1b[01;31m\x1b[Kerror: \x1b[m\x1b[Kno type named \xe2\x80\x98\x1b[01m\x1b[Ktype\x1b[m\x1b[K\xe2\x80\x99 in \xe2\x80\x98\x1b[01m\x1b[Kstruct std::result_of<void (Minimal_publisher::*&())()>\x1b[m\x1b[K\xe2\x80\x99\n'}
[2.073509] (ros2_fundamentals_examples) StderrLine: {'line': b'\x1b[01m\x1b[K/home/anurag-iyer16/ros2_ws/src/ros2_fundamentals_examples/src/cpp_minimal_publisher.cpp:\x1b[m\x1b[K In constructor \xe2\x80\x98\x1b[01m\x1b[KMinimal_publisher::\x1b[01;32m\x1b[KMinimal_publisher\x1b[m\x1b[K()\x1b[m\x1b[K\xe2\x80\x99:\n'}
[2.073547] (ros2_fundamentals_examples) StderrLine: {'line': b'\x1b[01m\x1b[K/home/anurag-iyer16/ros2_ws/src/ros2_fundamentals_examples/src/cpp_minimal_publisher.cpp:11:34:\x1b[m\x1b[K \x1b[01;31m\x1b[Kerror: \x1b[m\x1b[Kno matching function for call to \xe2\x80\x98\x1b[01m\x1b[KMinimal_publisher::create_timer(std::chrono::milliseconds, std::_Bind_helper<false, void (Minimal_publisher::*)()>::type, Minimal_publisher*)\x1b[m\x1b[K\xe2\x80\x99\n'}
[2.073587] (ros2_fundamentals_examples) StderrLine: {'line': b'   11 |             timer_ = \x1b[01;31m\x1b[Kcreate_timer(500ms, std::bind(&Minimal_publisher::timerCallback), this)\x1b[m\x1b[K;\n'}
[2.073624] (ros2_fundamentals_examples) StderrLine: {'line': b'      |                      \x1b[01;31m\x1b[K~~~~~~~~~~~~^~~~~~~~~~~~~~~~~~~~~~~~~~~~~~~~~~~~~~~~~~~~~~~~~~~~~~~~~~~\x1b[m\x1b[K\n'}
[2.073661] (ros2_fundamentals_examples) StderrLine: {'line': b'In file included from \x1b[01m\x1b[K/opt/ros/jazzy/include/rclcpp/rclcpp/executors/single_threaded_executor.hpp:28\x1b[m\x1b[K,\n'}
[2.073697] (ros2_fundamentals_examples) StderrLine: {'line': b'                 from \x1b[01m\x1b[K/opt/ros/jazzy/include/rclcpp/rclcpp/executors.hpp:22\x1b[m\x1b[K,\n'}
[2.073731] (ros2_fundamentals_examples) StderrLine: {'line': b'                 from \x1b[01m\x1b[K/opt/ros/jazzy/include/rclcpp/rclcpp/rclcpp.hpp:172\x1b[m\x1b[K:\n'}
[2.073768] (ros2_fundamentals_examples) StderrLine: {'line': b'\x1b[01m\x1b[K/opt/ros/jazzy/include/rclcpp/rclcpp/node.hpp:255:3:\x1b[m\x1b[K \x1b[01;36m\x1b[Knote: \x1b[m\x1b[Kcandidate: \xe2\x80\x98\x1b[01m\x1b[Ktemplate<class DurationRepT, class DurationT, class CallbackT> typename rclcpp::GenericTimer<CallbackT>::SharedPtr rclcpp::Node::\x1b[01;32m\x1b[Kcreate_timer\x1b[m\x1b[K(std::chrono::duration<_Rep1, _Period1>, CallbackT, rclcpp::CallbackGroup::SharedPtr)\x1b[m\x1b[K\xe2\x80\x99\n'}
[2.073806] (ros2_fundamentals_examples) StderrLine: {'line': b'  255 |   \x1b[01;36m\x1b[Kcreate_timer\x1b[m\x1b[K(\n'}
[2.073841] (ros2_fundamentals_examples) StderrLine: {'line': b'      |   \x1b[01;36m\x1b[K^~~~~~~~~~~~\x1b[m\x1b[K\n'}
[2.073876] (ros2_fundamentals_examples) StderrLine: {'line': b'\x1b[01m\x1b[K/opt/ros/jazzy/include/rclcpp/rclcpp/node.hpp:255:3:\x1b[m\x1b[K \x1b[01;36m\x1b[Knote: \x1b[m\x1b[K  template argument deduction/substitution failed:\n'}
[2.073912] (ros2_fundamentals_examples) StderrLine: {'line': b'\x1b[01m\x1b[K/home/anurag-iyer16/ros2_ws/src/ros2_fundamentals_examples/src/cpp_minimal_publisher.cpp:11:88:\x1b[m\x1b[K \x1b[01;36m\x1b[Knote: \x1b[m\x1b[K  cannot convert \xe2\x80\x98\x1b[01m\x1b[K(Minimal_publisher*)this\x1b[m\x1b[K\xe2\x80\x99 (type \xe2\x80\x98\x1b[01m\x1b[KMinimal_publisher*\x1b[m\x1b[K\xe2\x80\x99) to type \xe2\x80\x98\x1b[01m\x1b[Krclcpp::CallbackGroup::SharedPtr\x1b[m\x1b[K\xe2\x80\x99 {aka \xe2\x80\x98\x1b[01m\x1b[Kstd::shared_ptr<rclcpp::CallbackGroup>\x1b[m\x1b[K\xe2\x80\x99}\n'}
[2.073951] (ros2_fundamentals_examples) StderrLine: {'line': b'   11 |             timer_ = create_timer(500ms, std::bind(&Minimal_publisher::timerCallback), \x1b[01;36m\x1b[Kthis\x1b[m\x1b[K);\n'}
[2.073987] (ros2_fundamentals_examples) StderrLine: {'line': b'      |                                                                                        \x1b[01;36m\x1b[K^~~~\x1b[m\x1b[K\n'}
[2.074056] (ros2_fundamentals_examples) StderrLine: {'line': b'\x1b[01m\x1b[K/home/anurag-iyer16/ros2_ws/src/ros2_fundamentals_examples/src/cpp_minimal_publisher.cpp:\x1b[m\x1b[K In member function \xe2\x80\x98\x1b[01m\x1b[Kvoid Minimal_publisher::\x1b[01;32m\x1b[KtimerCallback\x1b[m\x1b[K()\x1b[m\x1b[K\xe2\x80\x99:\n'}
[2.074097] (ros2_fundamentals_examples) StderrLine: {'line': b'\x1b[01m\x1b[K/home/anurag-iyer16/ros2_ws/src/ros2_fundamentals_examples/src/cpp_minimal_publisher.cpp:19:25:\x1b[m\x1b[K \x1b[01;31m\x1b[Kerror: \x1b[m\x1b[Kexpected unqualified-id before \xe2\x80\x98\x1b[01m\x1b[Kpublic\x1b[m\x1b[K\xe2\x80\x99\n'}
[2.074133] (ros2_fundamentals_examples) StderrLine: {'line': b'   19 |             publisher_->\x1b[01;31m\x1b[Kpublic\x1b[m\x1b[K(message);\n'}
[2.074169] (ros2_fundamentals_examples) StderrLine: {'line': b'      |                         \x1b[01;31m\x1b[K^~~~~~\x1b[m\x1b[K\n'}
[2.105342] (-) TimerEvent: {}
[2.205601] (-) TimerEvent: {}
[2.305825] (-) TimerEvent: {}
[2.406129] (-) TimerEvent: {}
[2.506433] (-) TimerEvent: {}
[2.606661] (-) TimerEvent: {}
[2.674624] (ros2_fundamentals_examples) StderrLine: {'line': b'gmake[2]: *** [CMakeFiles/minimal_cpp_publisher.dir/build.make:76: CMakeFiles/minimal_cpp_publisher.dir/src/cpp_minimal_publisher.cpp.o] Error 1\n'}
[2.675006] (ros2_fundamentals_examples) StderrLine: {'line': b'gmake[1]: *** [CMakeFiles/Makefile2:140: CMakeFiles/minimal_cpp_publisher.dir/all] Error 2\n'}
[2.675221] (ros2_fundamentals_examples) StderrLine: {'line': b'gmake: *** [Makefile:146: all] Error 2\n'}
[2.677078] (ros2_fundamentals_examples) CommandEnded: {'returncode': 2}
[2.684191] (ros2_fundamentals_examples) JobEnded: {'identifier': 'ros2_fundamentals_examples', 'rc': 2}
[2.694695] (-) EventReactorShutdown: {}
