[0.000000] (-) TimerEvent: {}
[0.000865] (ros2_fundamentals_examples) JobQueued: {'identifier': 'ros2_fundamentals_examples', 'dependencies': OrderedDict()}
[0.001052] (ros2_fundamentals_examples) JobStarted: {'identifier': 'ros2_fundamentals_examples'}
[0.010879] (ros2_fundamentals_examples) JobProgress: {'identifier': 'ros2_fundamentals_examples', 'progress': 'cmake'}
[0.011850] (ros2_fundamentals_examples) JobProgress: {'identifier': 'ros2_fundamentals_examples', 'progress': 'build'}
[0.012991] (ros2_fundamentals_examples) Command: {'cmd': ['/usr/bin/cmake', '--build', '/home/anurag-iyer16/ros2_ws/build/ros2_fundamentals_examples', '--', '-j12', '-l12'], 'cwd': '/home/anurag-iyer16/ros2_ws/build/ros2_fundamentals_examples', 'env': OrderedDict({'LESSOPEN': '| /usr/bin/lesspipe %s', 'GZ_SIM_RESOURCE_PATH': '/opt/ros/jazzy/share', 'USER': 'anurag-iyer16', 'GZ_CONFIG_PATH': '/opt/ros/jazzy/opt/gz_sim_vendor/share/gz:/opt/ros/jazzy/opt/sdformat_vendor/share/gz:/opt/ros/jazzy/opt/gz_gui_vendor/share/gz:/opt/ros/jazzy/opt/gz_transport_vendor/share/gz:/opt/ros/jazzy/opt/gz_rendering_vendor/share/gz:/opt/ros/jazzy/opt/gz_plugin_vendor/share/gz:/opt/ros/jazzy/opt/gz_fuel_tools_vendor/share/gz:/opt/ros/jazzy/opt/gz_msgs_vendor/share/gz:/opt/ros/jazzy/opt/gz_common_vendor/share/gz', 'XDG_SESSION_TYPE': 'x11', 'CLUTTER_DISABLE_MIPMAPPED_TEXT': '1', 'SHLVL': '1', 'LD_LIBRARY_PATH': '/opt/ros/jazzy/opt/gz_sim_vendor/lib:/opt/ros/jazzy/opt/gz_sensors_vendor/lib:/opt/ros/jazzy/opt/gz_physics_vendor/lib:/opt/ros/jazzy/opt/sdformat_vendor/lib:/opt/ros/jazzy/opt/rviz_ogre_vendor/lib:/opt/ros/jazzy/lib/x86_64-linux-gnu:/opt/ros/jazzy/opt/gz_gui_vendor/lib:/opt/ros/jazzy/opt/gz_transport_vendor/lib:/opt/ros/jazzy/opt/gz_rendering_vendor/lib:/opt/ros/jazzy/opt/gz_plugin_vendor/lib:/opt/ros/jazzy/opt/gz_fuel_tools_vendor/lib:/opt/ros/jazzy/opt/gz_msgs_vendor/lib:/opt/ros/jazzy/opt/gz_common_vendor/lib:/opt/ros/jazzy/opt/gz_math_vendor/lib:/opt/ros/jazzy/opt/gz_utils_vendor/lib:/opt/ros/jazzy/opt/gz_tools_vendor/lib:/opt/ros/jazzy/opt/gz_ogre_next_vendor/lib:/opt/ros/jazzy/opt/gz_dartsim_vendor/lib:/opt/ros/jazzy/opt/gz_cmake_vendor/lib:/opt/ros/jazzy/lib', 'HOME': '/home/anurag-iyer16', 'OLDPWD': '/home/anurag-iyer16/ros2_ws', 'DESKTOP_SESSION': 'ubuntu', 'ROS_PYTHON_VERSION': '3', 'GNOME_SHELL_SESSION_MODE': 'ubuntu', 'GTK_MODULES': 'gail:atk-bridge', 'SYSTEMD_EXEC_PID': '2425', 'GSM_SKIP_SSH_AGENT_WORKAROUND': 'true', 'DBUS_SESSION_BUS_ADDRESS': 'unix:path=/run/user/1000/bus', 'COLORTERM': 'truecolor', 'DEBUGINFOD_URLS': 'https://debuginfod.ubuntu.com', 'COLCON_PREFIX_PATH': '/home/anurag-iyer16/ros2_ws/install', 'ROS_DISTRO': 'jazzy', 'LOGNAME': 'anurag-iyer16', '_': '/usr/bin/colcon', 'ROS_VERSION': '2', 'MEMORY_PRESSURE_WATCH': '/sys/fs/cgroup/user.slice/user-1000.slice/user@1000.service/session.slice/org.gnome.Shell@x11.service/memory.pressure', 'XDG_SESSION_CLASS': 'user', 'USERNAME': 'anurag-iyer16', 'TERM': 'xterm-256color', 'GNOME_DESKTOP_SESSION_ID': 'this-is-deprecated', 'WINDOWPATH': '2', 'PATH': '/opt/ros/jazzy/opt/gz_msgs_vendor/bin:/opt/ros/jazzy/opt/gz_tools_vendor/bin:/opt/ros/jazzy/opt/gz_ogre_next_vendor/bin:/opt/ros/jazzy/bin:/usr/local/sbin:/usr/local/bin:/usr/sbin:/usr/bin:/sbin:/bin:/usr/games:/usr/local/games:/snap/bin:/snap/bin', 'SESSION_MANAGER': 'local/anurag-iyer16-LOQ-15IAX9:@/tmp/.ICE-unix/2382,unix/anurag-iyer16-LOQ-15IAX9:/tmp/.ICE-unix/2382', 'XDG_MENU_PREFIX': 'gnome-', 'GNOME_TERMINAL_SCREEN': '/org/gnome/Terminal/screen/46fd9c59_1e90_4f9e_89b1_6e59fdc6a212', 'XDG_RUNTIME_DIR': '/run/user/1000', 'DISPLAY': ':1', 'LANG': 'en_US.UTF-8', 'XDG_CURRENT_DESKTOP': 'ubuntu:GNOME', 'XMODIFIERS': '@im=ibus', 'XDG_SESSION_DESKTOP': 'ubuntu', 'XAUTHORITY': '/run/user/1000/gdm/Xauthority', 'LS_COLORS': 'rs=0:di=01;34:ln=01;36:mh=00:pi=40;33:so=01;35:do=01;35:bd=40;33;01:cd=40;33;01:or=40;31;01:mi=00:su=37;41:sg=30;43:ca=00:tw=30;42:ow=34;42:st=37;44:ex=01;32:*.tar=01;31:*.tgz=01;31:*.arc=01;31:*.arj=01;31:*.taz=01;31:*.lha=01;31:*.lz4=01;31:*.lzh=01;31:*.lzma=01;31:*.tlz=01;31:*.txz=01;31:*.tzo=01;31:*.t7z=01;31:*.zip=01;31:*.z=01;31:*.dz=01;31:*.gz=01;31:*.lrz=01;31:*.lz=01;31:*.lzo=01;31:*.xz=01;31:*.zst=01;31:*.tzst=01;31:*.bz2=01;31:*.bz=01;31:*.tbz=01;31:*.tbz2=01;31:*.tz=01;31:*.deb=01;31:*.rpm=01;31:*.jar=01;31:*.war=01;31:*.ear=01;31:*.sar=01;31:*.rar=01;31:*.alz=01;31:*.ace=01;31:*.zoo=01;31:*.cpio=01;31:*.7z=01;31:*.rz=01;31:*.cab=01;31:*.wim=01;31:*.swm=01;31:*.dwm=01;31:*.esd=01;31:*.avif=01;35:*.jpg=01;35:*.jpeg=01;35:*.mjpg=01;35:*.mjpeg=01;35:*.gif=01;35:*.bmp=01;35:*.pbm=01;35:*.pgm=01;35:*.ppm=01;35:*.tga=01;35:*.xbm=01;35:*.xpm=01;35:*.tif=01;35:*.tiff=01;35:*.png=01;35:*.svg=01;35:*.svgz=01;35:*.mng=01;35:*.pcx=01;35:*.mov=01;35:*.mpg=01;35:*.mpeg=01;35:*.m2v=01;35:*.mkv=01;35:*.webm=01;35:*.webp=01;35:*.ogm=01;35:*.mp4=01;35:*.m4v=01;35:*.mp4v=01;35:*.vob=01;35:*.qt=01;35:*.nuv=01;35:*.wmv=01;35:*.asf=01;35:*.rm=01;35:*.rmvb=01;35:*.flc=01;35:*.avi=01;35:*.fli=01;35:*.flv=01;35:*.gl=01;35:*.dl=01;35:*.xcf=01;35:*.xwd=01;35:*.yuv=01;35:*.cgm=01;35:*.emf=01;35:*.ogv=01;35:*.ogx=01;35:*.aac=00;36:*.au=00;36:*.flac=00;36:*.m4a=00;36:*.mid=00;36:*.midi=00;36:*.mka=00;36:*.mp3=00;36:*.mpc=00;36:*.ogg=00;36:*.ra=00;36:*.wav=00;36:*.oga=00;36:*.opus=00;36:*.spx=00;36:*.xspf=00;36:*~=00;90:*#=00;90:*.bak=00;90:*.crdownload=00;90:*.dpkg-dist=00;90:*.dpkg-new=00;90:*.dpkg-old=00;90:*.dpkg-tmp=00;90:*.old=00;90:*.orig=00;90:*.part=00;90:*.rej=00;90:*.rpmnew=00;90:*.rpmorig=00;90:*.rpmsave=00;90:*.swp=00;90:*.tmp=00;90:*.ucf-dist=00;90:*.ucf-new=00;90:*.ucf-old=00;90:', 'GNOME_TERMINAL_SERVICE': ':1.100', 'SSH_AUTH_SOCK': '/run/user/1000/keyring/ssh', 'AMENT_PREFIX_PATH': '/home/anurag-iyer16/ros2_ws/install/ros2_fundamentals_examples:/home/anurag-iyer16/ros2_ws/install/my_robot_controller:/opt/ros/jazzy', 'SHELL': '/bin/bash', 'QT_ACCESSIBILITY': '1', 'GDMSESSION': 'ubuntu', 'LESSCLOSE': '/usr/bin/lesspipe %s %s', 'GPG_AGENT_INFO': '/run/user/1000/gnupg/S.gpg-agent:0:1', 'ROS_AUTOMATIC_DISCOVERY_RANGE': 'SUBNET', 'QT_IM_MODULE': 'ibus', 'PWD': '/home/anurag-iyer16/ros2_ws/build/ros2_fundamentals_examples', 'LC_ALL': 'en_US.UTF-8', 'XDG_CONFIG_DIRS': '/etc/xdg/xdg-ubuntu:/etc/xdg', 'XDG_DATA_DIRS': '/usr/share/ubuntu:/usr/share/gnome:/usr/local/share/:/usr/share/:/var/lib/snapd/desktop', 'PYTHONPATH': '/home/anurag-iyer16/ros2_ws/install/ros2_fundamentals_examples/lib/python3.12/site-packages:/home/anurag-iyer16/ros2_ws/install/my_robot_controller/lib/python3.12/site-packages:/opt/ros/jazzy/lib/python3.12/site-packages', 'COLCON': '1', 'MEMORY_PRESSURE_WRITE': 'c29tZSAyMDAwMDAgMjAwMDAwMAA=', 'VTE_VERSION': '7600', 'CMAKE_PREFIX_PATH': '/home/anurag-iyer16/ros2_ws/install/ros2_fundamentals_examples:/opt/ros/jazzy/opt/gz_sim_vendor:/opt/ros/jazzy/opt/gz_sensors_vendor:/opt/ros/jazzy/opt/gz_physics_vendor:/opt/ros/jazzy/opt/sdformat_vendor:/opt/ros/jazzy/opt/gz_gui_vendor:/opt/ros/jazzy/opt/gz_transport_vendor:/opt/ros/jazzy/opt/gz_rendering_vendor:/opt/ros/jazzy/opt/gz_plugin_vendor:/opt/ros/jazzy/opt/gz_fuel_tools_vendor:/opt/ros/jazzy/opt/gz_msgs_vendor:/opt/ros/jazzy/opt/gz_common_vendor:/opt/ros/jazzy/opt/gz_math_vendor:/opt/ros/jazzy/opt/gz_utils_vendor:/opt/ros/jazzy/opt/gz_tools_vendor:/opt/ros/jazzy/opt/gz_ogre_next_vendor:/opt/ros/jazzy/opt/gz_dartsim_vendor:/opt/ros/jazzy/opt/gz_cmake_vendor:/home/anurag-iyer16/ros2_ws/install/my_robot_controller:/opt/ros/jazzy'}), 'shell': False}
[0.090592] (ros2_fundamentals_examples) StdoutLine: {'line': b'[ 50%] Built target minimal_cpp_publisher\n'}
[0.098817] (ros2_fundamentals_examples) StdoutLine: {'line': b'[ 50%] Built target ament_cmake_python_copy_ros2_fundamentals_examples\n'}
[0.099627] (-) TimerEvent: {}
[0.099914] (ros2_fundamentals_examples) StdoutLine: {'line': b'[ 75%] \x1b[32mBuilding CXX object CMakeFiles/minimal_cpp_subscriber.dir/src/cpp_minimal_subscriber.cpp.o\x1b[0m\n'}
[0.199790] (-) TimerEvent: {}
[0.300279] (-) TimerEvent: {}
[0.364983] (ros2_fundamentals_examples) StdoutLine: {'line': b'running egg_info\n'}
[0.388591] (ros2_fundamentals_examples) StdoutLine: {'line': b'writing ros2_fundamentals_examples.egg-info/PKG-INFO\n'}
[0.389103] (ros2_fundamentals_examples) StdoutLine: {'line': b'writing dependency_links to ros2_fundamentals_examples.egg-info/dependency_links.txt\n'}
[0.389356] (ros2_fundamentals_examples) StdoutLine: {'line': b'writing top-level names to ros2_fundamentals_examples.egg-info/top_level.txt\n'}
[0.400429] (-) TimerEvent: {}
[0.457548] (ros2_fundamentals_examples) StdoutLine: {'line': b"reading manifest file 'ros2_fundamentals_examples.egg-info/SOURCES.txt'\n"}
[0.458220] (ros2_fundamentals_examples) StdoutLine: {'line': b"writing manifest file 'ros2_fundamentals_examples.egg-info/SOURCES.txt'\n"}
[0.495043] (ros2_fundamentals_examples) StdoutLine: {'line': b'[ 75%] Built target ament_cmake_python_build_ros2_fundamentals_examples_egg\n'}
[0.500585] (-) TimerEvent: {}
[0.601023] (-) TimerEvent: {}
[0.701512] (-) TimerEvent: {}
[0.802023] (-) TimerEvent: {}
[0.902521] (-) TimerEvent: {}
[1.003017] (-) TimerEvent: {}
[1.103532] (-) TimerEvent: {}
[1.203964] (-) TimerEvent: {}
[1.304511] (-) TimerEvent: {}
[1.405032] (-) TimerEvent: {}
[1.505546] (-) TimerEvent: {}
[1.606065] (-) TimerEvent: {}
[1.706587] (-) TimerEvent: {}
[1.807121] (-) TimerEvent: {}
[1.907654] (-) TimerEvent: {}
[2.008170] (-) TimerEvent: {}
[2.108870] (-) TimerEvent: {}
[2.209295] (-) TimerEvent: {}
[2.309735] (-) TimerEvent: {}
[2.410129] (-) TimerEvent: {}
[2.455249] (ros2_fundamentals_examples) StderrLine: {'line': b'\x1b[01m\x1b[K/home/anurag-iyer16/ros2_ws/src/ros2_fundamentals_examples/src/cpp_minimal_subscriber.cpp:4:12:\x1b[m\x1b[K \x1b[01;31m\x1b[Kerror: \x1b[m\x1b[K\xe2\x80\x98\x1b[01m\x1b[Kstd::placeholder\x1b[m\x1b[K\xe2\x80\x99 has not been declared\n'}
[2.455572] (ros2_fundamentals_examples) StderrLine: {'line': b'    4 | using std::\x1b[01;31m\x1b[Kplaceholder\x1b[m\x1b[K::_1;\n'}
[2.455661] (ros2_fundamentals_examples) StderrLine: {'line': b'      |            \x1b[01;31m\x1b[K^~~~~~~~~~~\x1b[m\x1b[K\n'}
[2.455738] (ros2_fundamentals_examples) StderrLine: {'line': b'\x1b[01m\x1b[K/home/anurag-iyer16/ros2_ws/src/ros2_fundamentals_examples/src/cpp_minimal_subscriber.cpp:17:17:\x1b[m\x1b[K \x1b[01;31m\x1b[Kerror: \x1b[m\x1b[K\xe2\x80\x98\x1b[01m\x1b[KSubscripion\x1b[m\x1b[K\xe2\x80\x99 in namespace \xe2\x80\x98\x1b[01m\x1b[Krclcpp\x1b[m\x1b[K\xe2\x80\x99 does not name a template type; did you mean \xe2\x80\x98\x1b[01m\x1b[KSubscription\x1b[m\x1b[K\xe2\x80\x99?\n'}
[2.455816] (ros2_fundamentals_examples) StderrLine: {'line': b'   17 |         rclcpp::\x1b[01;31m\x1b[KSubscripion\x1b[m\x1b[K<std_msgs::msg::String>::SharedPtr subsbcriber_;\n'}
[2.455889] (ros2_fundamentals_examples) StderrLine: {'line': b'      |                 \x1b[01;31m\x1b[K^~~~~~~~~~~\x1b[m\x1b[K\n'}
[2.455956] (ros2_fundamentals_examples) StderrLine: {'line': b'      |                 \x1b[32m\x1b[KSubscription\x1b[m\x1b[K\n'}
[2.466857] (ros2_fundamentals_examples) StderrLine: {'line': b'\x1b[01m\x1b[K/home/anurag-iyer16/ros2_ws/src/ros2_fundamentals_examples/src/cpp_minimal_subscriber.cpp:\x1b[m\x1b[K In constructor \xe2\x80\x98\x1b[01m\x1b[KMinimal_subscriber::\x1b[01;32m\x1b[KMinimal_subscriber\x1b[m\x1b[K()\x1b[m\x1b[K\xe2\x80\x99:\n'}
[2.467043] (ros2_fundamentals_examples) StderrLine: {'line': b'\x1b[01m\x1b[K/home/anurag-iyer16/ros2_ws/src/ros2_fundamentals_examples/src/cpp_minimal_subscriber.cpp:9:13:\x1b[m\x1b[K \x1b[01;31m\x1b[Kerror: \x1b[m\x1b[K\xe2\x80\x98\x1b[01m\x1b[Ksubsbcriber_\x1b[m\x1b[K\xe2\x80\x99 was not declared in this scope\n'}
[2.467119] (ros2_fundamentals_examples) StderrLine: {'line': b'    9 |             \x1b[01;31m\x1b[Ksubsbcriber_\x1b[m\x1b[K=create_subscription<std_msgs::msg::String>("/cpp_example_topic", 10, std::bind(&Minimal_subscriber::topicCallback, this, _1));\n'}
[2.467188] (ros2_fundamentals_examples) StderrLine: {'line': b'      |             \x1b[01;31m\x1b[K^~~~~~~~~~~~\x1b[m\x1b[K\n'}
[2.467328] (ros2_fundamentals_examples) StderrLine: {'line': b'\x1b[01m\x1b[K/home/anurag-iyer16/ros2_ws/src/ros2_fundamentals_examples/src/cpp_minimal_subscriber.cpp:9:147:\x1b[m\x1b[K \x1b[01;31m\x1b[Kerror: \x1b[m\x1b[K\xe2\x80\x98\x1b[01m\x1b[K_1\x1b[m\x1b[K\xe2\x80\x99 was not declared in this scope; did you mean \xe2\x80\x98\x1b[01m\x1b[Kstd::placeholders::_1\x1b[m\x1b[K\xe2\x80\x99?\n'}
[2.467629] (ros2_fundamentals_examples) StderrLine: {'line': b'    9 |             subsbcriber_=create_subscription<std_msgs::msg::String>("/cpp_example_topic", 10, std::bind(&Minimal_subscriber::topicCallback, this, \x1b[01;31m\x1b[K_1\x1b[m\x1b[K));\n'}
[2.467709] (ros2_fundamentals_examples) StderrLine: {'line': b'      |                                                                                                                                                   \x1b[01;31m\x1b[K^~\x1b[m\x1b[K\n'}
[2.467773] (ros2_fundamentals_examples) StderrLine: {'line': b'      |                                                                                                                                                   \x1b[32m\x1b[Kstd::placeholders::_1\x1b[m\x1b[K\n'}
[2.467838] (ros2_fundamentals_examples) StderrLine: {'line': b'In file included from \x1b[01m\x1b[K/opt/ros/jazzy/include/rclcpp/rclcpp/utilities.hpp:19\x1b[m\x1b[K,\n'}
[2.467902] (ros2_fundamentals_examples) StderrLine: {'line': b'                 from \x1b[01m\x1b[K/opt/ros/jazzy/include/rclcpp/rclcpp/logging.hpp:25\x1b[m\x1b[K,\n'}
[2.467961] (ros2_fundamentals_examples) StderrLine: {'line': b'                 from \x1b[01m\x1b[K/opt/ros/jazzy/include/rclcpp/rclcpp/copy_all_parameter_values.hpp:27\x1b[m\x1b[K,\n'}
[2.468023] (ros2_fundamentals_examples) StderrLine: {'line': b'                 from \x1b[01m\x1b[K/opt/ros/jazzy/include/rclcpp/rclcpp/rclcpp.hpp:171\x1b[m\x1b[K,\n'}
[2.468080] (ros2_fundamentals_examples) StderrLine: {'line': b'                 from \x1b[01m\x1b[K/home/anurag-iyer16/ros2_ws/src/ros2_fundamentals_examples/src/cpp_minimal_subscriber.cpp:1\x1b[m\x1b[K:\n'}
[2.468137] (ros2_fundamentals_examples) StderrLine: {'line': b'\x1b[01m\x1b[K/usr/include/c++/13/functional:294:48:\x1b[m\x1b[K \x1b[01;36m\x1b[Knote: \x1b[m\x1b[K\xe2\x80\x98\x1b[01m\x1b[Kstd::placeholders::_1\x1b[m\x1b[K\xe2\x80\x99 declared here\n'}
[2.468204] (ros2_fundamentals_examples) StderrLine: {'line': b'  294 |     _GLIBCXX_PLACEHOLDER const _Placeholder<1> \x1b[01;36m\x1b[K_1\x1b[m\x1b[K;\n'}
[2.468262] (ros2_fundamentals_examples) StderrLine: {'line': b'      |                                                \x1b[01;36m\x1b[K^~\x1b[m\x1b[K\n'}
[2.470631] (ros2_fundamentals_examples) StderrLine: {'line': b'\x1b[01m\x1b[K/home/anurag-iyer16/ros2_ws/src/ros2_fundamentals_examples/src/cpp_minimal_subscriber.cpp:\x1b[m\x1b[K In function \xe2\x80\x98\x1b[01m\x1b[Kint\x1b[01;32m\x1b[K main\x1b[m\x1b[K(int, char**)\x1b[m\x1b[K\xe2\x80\x99:\n'}
[2.470783] (ros2_fundamentals_examples) StderrLine: {'line': b'\x1b[01m\x1b[K/home/anurag-iyer16/ros2_ws/src/ros2_fundamentals_examples/src/cpp_minimal_subscriber.cpp:24:13:\x1b[m\x1b[K \x1b[01;31m\x1b[Kerror: \x1b[m\x1b[K\xe2\x80\x98\x1b[01m\x1b[Ksipn\x1b[m\x1b[K\xe2\x80\x99 is not a member of \xe2\x80\x98\x1b[01m\x1b[Krclcpp\x1b[m\x1b[K\xe2\x80\x99; did you mean \xe2\x80\x98\x1b[01m\x1b[Kspin\x1b[m\x1b[K\xe2\x80\x99?\n'}
[2.470859] (ros2_fundamentals_examples) StderrLine: {'line': b'   24 |     rclcpp::\x1b[01;31m\x1b[Ksipn\x1b[m\x1b[K(minimal_cpp_subscriber_node);\n'}
[2.470934] (ros2_fundamentals_examples) StderrLine: {'line': b'      |             \x1b[01;31m\x1b[K^~~~\x1b[m\x1b[K\n'}
[2.470998] (ros2_fundamentals_examples) StderrLine: {'line': b'      |             \x1b[32m\x1b[Kspin\x1b[m\x1b[K\n'}
[2.510312] (-) TimerEvent: {}
[2.610714] (-) TimerEvent: {}
[2.711066] (-) TimerEvent: {}
[2.811461] (-) TimerEvent: {}
[2.911870] (-) TimerEvent: {}
[3.012275] (-) TimerEvent: {}
[3.112605] (-) TimerEvent: {}
[3.142152] (ros2_fundamentals_examples) StderrLine: {'line': b'gmake[2]: *** [CMakeFiles/minimal_cpp_subscriber.dir/build.make:76: CMakeFiles/minimal_cpp_subscriber.dir/src/cpp_minimal_subscriber.cpp.o] Error 1\n'}
[3.142702] (ros2_fundamentals_examples) StderrLine: {'line': b'gmake[1]: *** [CMakeFiles/Makefile2:168: CMakeFiles/minimal_cpp_subscriber.dir/all] Error 2\n'}
[3.143010] (ros2_fundamentals_examples) StderrLine: {'line': b'gmake: *** [Makefile:146: all] Error 2\n'}
[3.145877] (ros2_fundamentals_examples) CommandEnded: {'returncode': 2}
[3.162192] (ros2_fundamentals_examples) JobEnded: {'identifier': 'ros2_fundamentals_examples', 'rc': 2}
[3.172807] (-) EventReactorShutdown: {}
