[0.008s] Invoking command in '/home/anurag-iyer16/ros2_ws/build/ros2_fundamentals_examples': CMAKE_PREFIX_PATH=${CMAKE_PREFIX_PATH}:/home/anurag-iyer16/ros2_ws/install/my_robot_controller:/opt/ros/jazzy DEBUGINFOD_URLS=https://debuginfod.ubuntu.com /usr/bin/cmake --build /home/anurag-iyer16/ros2_ws/build/ros2_fundamentals_examples -- -j12 -l12
[0.070s] [  0%] Built target ament_cmake_python_copy_ros2_fundamentals_examples
[0.072s] [ 50%] [32mBuilding CXX object CMakeFiles/minimal_cpp_publisher.dir/src/cpp_minimal_publisher.cpp.o[0m
[0.228s] running egg_info
[0.241s] writing ros2_fundamentals_examples.egg-info/PKG-INFO
[0.241s] writing dependency_links to ros2_fundamentals_examples.egg-info/dependency_links.txt
[0.241s] writing top-level names to ros2_fundamentals_examples.egg-info/top_level.txt
[0.280s] reading manifest file 'ros2_fundamentals_examples.egg-info/SOURCES.txt'
[0.280s] writing manifest file 'ros2_fundamentals_examples.egg-info/SOURCES.txt'
[0.303s] [ 50%] Built target ament_cmake_python_build_ros2_fundamentals_examples_egg
[1.409s] [01m[K/home/anurag-iyer16/ros2_ws/src/ros2_fundamentals_examples/src/cpp_minimal_publisher.cpp:24:2:[m[K [01;31m[Kerror: [m[Kexpected â€˜[01m[K;[m[Kâ€™ after class definition
[1.409s]    24 | }
[1.409s]       |  [01;31m[K^[m[K
[1.409s]       |  [32m[K;[m[K
[1.419s] In file included from [01m[K/opt/ros/jazzy/include/rclcpp/rclcpp/copy_all_parameter_values.hpp:27[m[K,
[1.419s]                  from [01m[K/opt/ros/jazzy/include/rclcpp/rclcpp/rclcpp.hpp:171[m[K,
[1.419s]                  from [01m[K/home/anurag-iyer16/ros2_ws/src/ros2_fundamentals_examples/src/cpp_minimal_publisher.cpp:1[m[K:
[1.419s] [01m[K/home/anurag-iyer16/ros2_ws/src/ros2_fundamentals_examples/src/cpp_minimal_publisher.cpp:[m[K In constructor â€˜[01m[KMinimal_publisher::[01;32m[KMinimal_publisher[m[K()[m[Kâ€™:
[1.419s] [01m[K/home/anurag-iyer16/ros2_ws/src/ros2_fundamentals_examples/src/cpp_minimal_publisher.cpp:11:25:[m[K [01;31m[Kerror: [m[Kâ€˜[01m[Kget_logget[m[Kâ€™ was not declared in this scope; did you mean â€˜[01m[Kget_logger[m[Kâ€™?
[1.419s]    11 |             RCLCPP_INFO([01;31m[Kget_logget[m[K(), "Publishing at 2Hz");
[1.420s]       |                         [01;31m[K^~~~~~~~~~[m[K
[1.420s] [01m[K/home/anurag-iyer16/ros2_ws/src/ros2_fundamentals_examples/src/cpp_minimal_publisher.cpp:11:13:[m[K [01;31m[Kerror: [m[Ktemplate argument 1 is invalid
[1.420s]    11 |             [01;31m[KRCLCPP_INFO[m[K(get_logget(), "Publishing at 2Hz");
[1.420s]       |             [01;31m[K^~~~~~~~~~~[m[K
[2.063s] gmake[2]: *** [CMakeFiles/minimal_cpp_publisher.dir/build.make:76: CMakeFiles/minimal_cpp_publisher.dir/src/cpp_minimal_publisher.cpp.o] Error 1
[2.063s] gmake[1]: *** [CMakeFiles/Makefile2:140: CMakeFiles/minimal_cpp_publisher.dir/all] Error 2
[2.063s] gmake: *** [Makefile:146: all] Error 2
[2.065s] Invoked command in '/home/anurag-iyer16/ros2_ws/build/ros2_fundamentals_examples' returned '2': CMAKE_PREFIX_PATH=${CMAKE_PREFIX_PATH}:/home/anurag-iyer16/ros2_ws/install/my_robot_controller:/opt/ros/jazzy DEBUGINFOD_URLS=https://debuginfod.ubuntu.com /usr/bin/cmake --build /home/anurag-iyer16/ros2_ws/build/ros2_fundamentals_examples -- -j12 -l12
