[0.017s] Invoking command in '/home/anurag-iyer16/ros2_ws/build/ros2_fundamentals_examples': CMAKE_PREFIX_PATH=${CMAKE_PREFIX_PATH}:/home/anurag-iyer16/ros2_ws/install/my_robot_controller:/opt/ros/jazzy DEBUGINFOD_URLS=https://debuginfod.ubuntu.com /usr/bin/cmake --build /home/anurag-iyer16/ros2_ws/build/ros2_fundamentals_examples -- -j12 -l12
[0.101s] -- Found ament_cmake: 2.5.4 (/opt/ros/jazzy/share/ament_cmake/cmake)
[0.489s] -- Found rclcpp: 28.1.13 (/opt/ros/jazzy/share/rclcpp/cmake)
[0.551s] -- Found rosidl_generator_c: 4.6.6 (/opt/ros/jazzy/share/rosidl_generator_c/cmake)
[0.568s] -- Found rosidl_generator_cpp: 4.6.6 (/opt/ros/jazzy/share/rosidl_generator_cpp/cmake)
[0.592s] -- Using all available rosidl_typesupport_c: rosidl_typesupport_fastrtps_c;rosidl_typesupport_introspection_c
[0.618s] -- Using all available rosidl_typesupport_cpp: rosidl_typesupport_fastrtps_cpp;rosidl_typesupport_introspection_cpp
[0.789s] -- Found rmw_implementation_cmake: 7.3.2 (/opt/ros/jazzy/share/rmw_implementation_cmake/cmake)
[0.792s] -- Found rmw_fastrtps_cpp: 8.4.3 (/opt/ros/jazzy/share/rmw_fastrtps_cpp/cmake)
[0.923s] -- Using RMW implementation 'rmw_fastrtps_cpp' as default
[1.040s] -- Found rclpy: 7.1.6 (/opt/ros/jazzy/share/rclpy/cmake)
[1.040s] -- Found std_msgs: 5.3.6 (/opt/ros/jazzy/share/std_msgs/cmake)
[1.187s] -- Found ament_lint_auto: 0.17.3 (/opt/ros/jazzy/share/ament_lint_auto/cmake)
[1.371s] -- Added test 'cppcheck' to perform static code analysis on C / C++ code
[1.372s] -- Configured cppcheck include dirs: /home/anurag-iyer16/ros2_ws/src/ros2_fundamentals_examples/include
[1.372s] -- Configured cppcheck exclude dirs and/or files: 
[1.373s] -- Added test 'flake8' to check Python code syntax and style conventions
[1.373s] -- Configured 'flake8' exclude dirs and/or files: 
[1.374s] -- Added test 'lint_cmake' to check CMake code style
[1.375s] -- Added test 'pep257' to check Python code against some of the docstring style conventions in PEP 257
[1.376s] -- Added test 'uncrustify' to check C / C++ code style
[1.376s] -- Configured uncrustify additional arguments: 
[1.377s] -- Added test 'xmllint' to check XML markup files
[1.380s] -- Configuring done (1.3s)
[1.386s] [33mCMake Warning (dev) at CMakeLists.txt:24 (add_executable):
[1.386s]   Policy CMP0115 is not set: Source file extensions must be explicit.  Run
[1.386s]   "cmake --help-policy CMP0115" for policy details.  Use the cmake_policy
[1.386s]   command to set the policy and suppress this warning.
[1.386s] 
[1.386s]   File:
[1.386s] 
[1.386s]     /home/anurag-iyer16/ros2_ws/src/ros2_fundamentals_examples/src/cpp_minimal_publisher.cpp
[1.387s] This warning is for project developers.  Use -Wno-dev to suppress it.
[1.387s] [0m
[1.389s] [33mCMake Warning (dev) at CMakeLists.txt:27 (add_executable):
[1.389s]   Policy CMP0115 is not set: Source file extensions must be explicit.  Run
[1.389s]   "cmake --help-policy CMP0115" for policy details.  Use the cmake_policy
[1.389s]   command to set the policy and suppress this warning.
[1.389s] 
[1.389s]   File:
[1.390s] 
[1.390s]     /home/anurag-iyer16/ros2_ws/src/ros2_fundamentals_examples/src/cpp_minimal_subscriber.cpp
[1.390s] This warning is for project developers.  Use -Wno-dev to suppress it.
[1.390s] [0m
[1.416s] -- Generating done (0.0s)
[1.425s] -- Build files have been written to: /home/anurag-iyer16/ros2_ws/build/ros2_fundamentals_examples
[1.486s] [ 25%] [32mBuilding CXX object CMakeFiles/minimal_cpp_subscriber.dir/src/cpp_minimal_subscriber.cpp.o[0m
[1.498s] [ 25%] Built target ament_cmake_python_copy_ros2_fundamentals_examples
[1.525s] [ 50%] [32mBuilding CXX object CMakeFiles/minimal_cpp_publisher.dir/src/cpp_minimal_publisher.cpp.o[0m
[1.780s] running egg_info
[1.803s] writing ros2_fundamentals_examples.egg-info/PKG-INFO
[1.803s] writing dependency_links to ros2_fundamentals_examples.egg-info/dependency_links.txt
[1.804s] writing top-level names to ros2_fundamentals_examples.egg-info/top_level.txt
[1.870s] reading manifest file 'ros2_fundamentals_examples.egg-info/SOURCES.txt'
[1.871s] writing manifest file 'ros2_fundamentals_examples.egg-info/SOURCES.txt'
[1.908s] [ 50%] Built target ament_cmake_python_build_ros2_fundamentals_examples_egg
[1.935s] [01m[K/home/anurag-iyer16/ros2_ws/src/ros2_fundamentals_examples/src/cpp_minimal_subscriber.cpp:9:68:[m[K [01;35m[Kwarning: [m[Kcharacter constant too long for its type
[1.935s]     9 |             subscriber_=create_subscription<std_msgs::msg::String>([01;35m[K'/cpp_example_topic'[m[K,10,std::bind(&Minimal_subscriber::topicCallback,this,_1));
[1.936s]       |                                                                    [01;35m[K^~~~~~~~~~~~~~~~~~~~[m[K
[4.225s] [01m[K/home/anurag-iyer16/ros2_ws/src/ros2_fundamentals_examples/src/cpp_minimal_subscriber.cpp:17:50:[m[K [01;31m[Kerror: [m[Ktemplate argument 1 is invalid
[4.225s]    17 |         rclcpp::Subscription<std_msgs:msg::String[01;31m[K>[m[K::SharedPtr subscriber_;
[4.225s]       |                                                  [01;31m[K^[m[K
[4.225s] [01m[K/home/anurag-iyer16/ros2_ws/src/ros2_fundamentals_examples/src/cpp_minimal_subscriber.cpp:17:50:[m[K [01;31m[Kerror: [m[Ktemplate argument 3 is invalid
[4.225s] [01m[K/home/anurag-iyer16/ros2_ws/src/ros2_fundamentals_examples/src/cpp_minimal_subscriber.cpp:17:50:[m[K [01;31m[Kerror: [m[Ktemplate argument 4 is invalid
[4.226s] [01m[K/home/anurag-iyer16/ros2_ws/src/ros2_fundamentals_examples/src/cpp_minimal_subscriber.cpp:17:50:[m[K [01;31m[Kerror: [m[Ktemplate argument 5 is invalid
[4.226s] [01m[K/home/anurag-iyer16/ros2_ws/src/ros2_fundamentals_examples/src/cpp_minimal_subscriber.cpp:17:53:[m[K [01;31m[Kerror: [m[Kexpected â€˜[01m[K;[m[Kâ€™ at end of member declaration
[4.226s]    17 |         rclcpp::Subscription<std_msgs:msg::String>::[01;31m[KSharedPtr[m[K subscriber_;
[4.226s]       |                                                     [01;31m[K^~~~~~~~~[m[K
[4.226s]       |                                                              [32m[K;[m[K
[4.230s] [01m[K/home/anurag-iyer16/ros2_ws/src/ros2_fundamentals_examples/src/cpp_minimal_subscriber.cpp:17:63:[m[K [01;31m[Kerror: [m[Kâ€˜[01m[Ksubscriber_[m[Kâ€™ does not name a type
[4.230s]    17 |         rclcpp::Subscription<std_msgs:msg::String>::SharedPtr [01;31m[Ksubscriber_[m[K;
[4.230s]       |                                                               [01;31m[K^~~~~~~~~~~[m[K
[4.240s] [01m[K/home/anurag-iyer16/ros2_ws/src/ros2_fundamentals_examples/src/cpp_minimal_subscriber.cpp:[m[K In constructor â€˜[01m[KMinimal_subscriber::[01;32m[KMinimal_subscriber[m[K()[m[Kâ€™:
[4.240s] [01m[K/home/anurag-iyer16/ros2_ws/src/ros2_fundamentals_examples/src/cpp_minimal_subscriber.cpp:9:13:[m[K [01;31m[Kerror: [m[Kâ€˜[01m[Ksubscriber_[m[Kâ€™ was not declared in this scope
[4.240s]     9 |             [01;31m[Ksubscriber_[m[K=create_subscription<std_msgs::msg::String>('/cpp_example_topic',10,std::bind(&Minimal_subscriber::topicCallback,this,_1));
[4.240s]       |             [01;31m[K^~~~~~~~~~~[m[K
[4.270s] [01m[K/home/anurag-iyer16/ros2_ws/src/ros2_fundamentals_examples/src/cpp_minimal_subscriber.cpp:9:67:[m[K [01;31m[Kerror: [m[Kno matching function for call to â€˜[01m[KMinimal_subscriber::create_subscription<std_msgs::msg::String>(int, int, std::_Bind_helper<false, void (Minimal_subscriber::*)(const std_msgs::msg::String_<std::allocator<void> >&) const, Minimal_subscriber*, const std::_Placeholder<1>&>::type)[m[Kâ€™
[4.270s]     9 |             subscriber_=[01;31m[Kcreate_subscription<std_msgs::msg::String>('/cpp_example_topic',10,std::bind(&Minimal_subscriber::topicCallback,this,_1))[m[K;
[4.270s]       |                         [01;31m[K~~~~~~~~~~~~~~~~~~~~~~~~~~~~~~~~~~~~~~~~~~^~~~~~~~~~~~~~~~~~~~~~~~~~~~~~~~~~~~~~~~~~~~~~~~~~~~~~~~~~~~~~~~~~~~~~~~~~~~~~~[m[K
[4.271s] In file included from [01m[K/opt/ros/jazzy/include/rclcpp/rclcpp/executors/single_threaded_executor.hpp:28[m[K,
[4.271s]                  from [01m[K/opt/ros/jazzy/include/rclcpp/rclcpp/executors.hpp:22[m[K,
[4.271s]                  from [01m[K/opt/ros/jazzy/include/rclcpp/rclcpp/rclcpp.hpp:172[m[K,
[4.271s]                  from [01m[K/home/anurag-iyer16/ros2_ws/src/ros2_fundamentals_examples/src/cpp_minimal_subscriber.cpp:1[m[K:
[4.271s] [01m[K/opt/ros/jazzy/include/rclcpp/rclcpp/node.hpp:221:3:[m[K [01;36m[Knote: [m[Kcandidate: â€˜[01m[Ktemplate<class MessageT, class CallbackT, class AllocatorT, class SubscriptionT, class MessageMemoryStrategyT> std::shared_ptr<ROSMessageT> rclcpp::Node::[01;32m[Kcreate_subscription[m[K(const std::string&, const rclcpp::QoS&, CallbackT&&, const rclcpp::SubscriptionOptionsWithAllocator<AllocatorT>&, typename MessageMemoryStrategyT::SharedPtr)[m[Kâ€™
[4.271s]   221 |   [01;36m[Kcreate_subscription[m[K(
[4.271s]       |   [01;36m[K^~~~~~~~~~~~~~~~~~~[m[K
[4.271s] [01m[K/opt/ros/jazzy/include/rclcpp/rclcpp/node.hpp:221:3:[m[K [01;36m[Knote: [m[K  template argument deduction/substitution failed:
[4.272s] [01m[K/home/anurag-iyer16/ros2_ws/src/ros2_fundamentals_examples/src/cpp_minimal_subscriber.cpp:9:68:[m[K [01;36m[Knote: [m[K  cannot convert â€˜[01m[K1869637987[m[Kâ€™ (type â€˜[01m[Kint[m[Kâ€™) to type â€˜[01m[Kconst std::string&[m[Kâ€™ {aka â€˜[01m[Kconst std::__cxx11::basic_string<char>&[m[Kâ€™}
[4.272s]     9 |             subscriber_=create_subscription<std_msgs::msg::String>([01;36m[K'/cpp_example_topic'[m[K,10,std::bind(&Minimal_subscriber::topicCallback,this,_1));
[4.272s]       |                                                                    [01;36m[K^~~~~~~~~~~~~~~~~~~~[m[K
[4.280s] In file included from [01m[K/opt/ros/jazzy/include/rclcpp/rclcpp/copy_all_parameter_values.hpp:27[m[K,
[4.280s]                  from [01m[K/opt/ros/jazzy/include/rclcpp/rclcpp/rclcpp.hpp:171[m[K:
[4.280s] [01m[K/home/anurag-iyer16/ros2_ws/src/ros2_fundamentals_examples/src/cpp_minimal_subscriber.cpp:[m[K In member function â€˜[01m[Kvoid Minimal_subscriber::[01;32m[KtopicCallback[m[K(const std_msgs::msg::String&) const[m[Kâ€™:
[4.280s] [01m[K/home/anurag-iyer16/ros2_ws/src/ros2_fundamentals_examples/src/cpp_minimal_subscriber.cpp:13:61:[m[K [01;31m[Kerror: [m[Kâ€˜[01m[Kmag[m[Kâ€™ was not declared in this scope; did you mean â€˜[01m[Kmsg[m[Kâ€™?
[4.280s]    13 |             RCLCPP_INFO_STREAM(get_logger(), "I Heard: " << [01;31m[Kmag[m[K.data.c_str());
[4.280s]       |                                                             [01;31m[K^~~[m[K
[4.280s] [01m[K/home/anurag-iyer16/ros2_ws/src/ros2_fundamentals_examples/src/cpp_minimal_subscriber.cpp:12:58:[m[K [01;35m[Kwarning: [m[Kunused parameter â€˜[01m[Kmsg[m[Kâ€™ [[01;35m[K]8;;https://gcc.gnu.org/onlinedocs/gcc/Warning-Options.html#index-Wunused-parameter-Wunused-parameter]8;;[m[K]
[4.280s]    12 |         void topicCallback([01;35m[Kconst std_msgs::msg::String & msg[m[K) const {
[4.280s]       |                            [01;35m[K~~~~~~~~~~~~~~~~~~~~~~~~~~~~~~^~~[m[K
[4.972s] gmake[2]: *** [CMakeFiles/minimal_cpp_subscriber.dir/build.make:76: CMakeFiles/minimal_cpp_subscriber.dir/src/cpp_minimal_subscriber.cpp.o] Error 1
[4.972s] gmake[1]: *** [CMakeFiles/Makefile2:168: CMakeFiles/minimal_cpp_subscriber.dir/all] Error 2
[4.972s] gmake[1]: *** Waiting for unfinished jobs....
[6.656s] [ 75%] [32m[1mLinking CXX executable minimal_cpp_publisher[0m
[6.979s] [ 75%] Built target minimal_cpp_publisher
[6.981s] gmake: *** [Makefile:146: all] Error 2
[6.985s] Invoked command in '/home/anurag-iyer16/ros2_ws/build/ros2_fundamentals_examples' returned '2': CMAKE_PREFIX_PATH=${CMAKE_PREFIX_PATH}:/home/anurag-iyer16/ros2_ws/install/my_robot_controller:/opt/ros/jazzy DEBUGINFOD_URLS=https://debuginfod.ubuntu.com /usr/bin/cmake --build /home/anurag-iyer16/ros2_ws/build/ros2_fundamentals_examples -- -j12 -l12
