[0.008s] Invoking command in '/home/anurag-iyer16/ros2_ws/build/ros2_fundamentals_examples': CMAKE_PREFIX_PATH=${CMAKE_PREFIX_PATH}:/home/anurag-iyer16/ros2_ws/install/my_robot_controller:/opt/ros/jazzy /usr/bin/cmake --build /home/anurag-iyer16/ros2_ws/build/ros2_fundamentals_examples -- -j12 -l12
[0.030s] -- Found ament_cmake: 2.5.4 (/opt/ros/jazzy/share/ament_cmake/cmake)
[0.206s] -- Found rclcpp: 28.1.13 (/opt/ros/jazzy/share/rclcpp/cmake)
[0.225s] -- Found rosidl_generator_c: 4.6.6 (/opt/ros/jazzy/share/rosidl_generator_c/cmake)
[0.231s] -- Found rosidl_generator_cpp: 4.6.6 (/opt/ros/jazzy/share/rosidl_generator_cpp/cmake)
[0.239s] -- Using all available rosidl_typesupport_c: rosidl_typesupport_fastrtps_c;rosidl_typesupport_introspection_c
[0.248s] -- Using all available rosidl_typesupport_cpp: rosidl_typesupport_fastrtps_cpp;rosidl_typesupport_introspection_cpp
[0.291s] -- Found rmw_implementation_cmake: 7.3.2 (/opt/ros/jazzy/share/rmw_implementation_cmake/cmake)
[0.292s] -- Found rmw_fastrtps_cpp: 8.4.3 (/opt/ros/jazzy/share/rmw_fastrtps_cpp/cmake)
[0.341s] -- Using RMW implementation 'rmw_fastrtps_cpp' as default
[0.386s] -- Found rclpy: 7.1.6 (/opt/ros/jazzy/share/rclpy/cmake)
[0.386s] -- Found std_msgs: 5.3.6 (/opt/ros/jazzy/share/std_msgs/cmake)
[0.461s] -- Found ament_lint_auto: 0.17.3 (/opt/ros/jazzy/share/ament_lint_auto/cmake)
[0.529s] -- Added test 'cppcheck' to perform static code analysis on C / C++ code
[0.529s] -- Configured cppcheck include dirs: /home/anurag-iyer16/ros2_ws/src/ros2_fundamentals_examples/include
[0.529s] -- Configured cppcheck exclude dirs and/or files: 
[0.529s] -- Added test 'flake8' to check Python code syntax and style conventions
[0.529s] -- Configured 'flake8' exclude dirs and/or files: 
[0.529s] -- Added test 'lint_cmake' to check CMake code style
[0.530s] -- Added test 'pep257' to check Python code against some of the docstring style conventions in PEP 257
[0.530s] -- Added test 'uncrustify' to check C / C++ code style
[0.530s] -- Configured uncrustify additional arguments: 
[0.530s] -- Added test 'xmllint' to check XML markup files
[0.531s] -- Configuring done (0.5s)
[0.534s] [33mCMake Warning (dev) at CMakeLists.txt:27 (add_executable):
[0.534s]   Policy CMP0115 is not set: Source file extensions must be explicit.  Run
[0.534s]   "cmake --help-policy CMP0115" for policy details.  Use the cmake_policy
[0.534s]   command to set the policy and suppress this warning.
[0.534s] 
[0.535s]   File:
[0.535s] 
[0.535s]     /home/anurag-iyer16/ros2_ws/src/ros2_fundamentals_examples/src/cpp_minimal_publisher.cpp
[0.535s] This warning is for project developers.  Use -Wno-dev to suppress it.
[0.535s] [0m
[0.544s] -- Generating done (0.0s)
[0.547s] -- Build files have been written to: /home/anurag-iyer16/ros2_ws/build/ros2_fundamentals_examples
[0.588s] [ 50%] [32mBuilding CXX object CMakeFiles/minimal_cpp_publisher.dir/src/cpp_minimal_publisher.cpp.o[0m
[0.597s] [ 50%] Built target ament_cmake_python_copy_ros2_fundamentals_examples
[0.754s] running egg_info
[0.767s] writing ros2_fundamentals_examples.egg-info/PKG-INFO
[0.767s] writing dependency_links to ros2_fundamentals_examples.egg-info/dependency_links.txt
[0.767s] writing top-level names to ros2_fundamentals_examples.egg-info/top_level.txt
[0.805s] reading manifest file 'ros2_fundamentals_examples.egg-info/SOURCES.txt'
[0.806s] writing manifest file 'ros2_fundamentals_examples.egg-info/SOURCES.txt'
[0.829s] [ 50%] Built target ament_cmake_python_build_ros2_fundamentals_examples_egg
[2.071s] In file included from [01m[K/opt/ros/jazzy/include/rclcpp/rclcpp/utilities.hpp:19[m[K,
[2.072s]                  from [01m[K/opt/ros/jazzy/include/rclcpp/rclcpp/logging.hpp:25[m[K,
[2.072s]                  from [01m[K/opt/ros/jazzy/include/rclcpp/rclcpp/copy_all_parameter_values.hpp:27[m[K,
[2.072s]                  from [01m[K/opt/ros/jazzy/include/rclcpp/rclcpp/rclcpp.hpp:171[m[K,
[2.072s]                  from [01m[K/home/anurag-iyer16/ros2_ws/src/ros2_fundamentals_examples/src/cpp_minimal_publisher.cpp:1[m[K:
[2.072s] /usr/include/c++/13/functional: In instantiation of â€˜[01m[Kstruct std::_Bind_check_arity<void (Minimal_publisher::*)()>[m[Kâ€™:
[2.072s] [01m[K/usr/include/c++/13/functional:859:12:[m[K   required from â€˜[01m[Kstruct std::_Bind_helper<false, void (Minimal_publisher::*)()>[m[Kâ€™
[2.072s] [01m[K/usr/include/c++/13/functional:881:5:[m[K   required by substitution of â€˜[01m[Ktemplate<class _Func, class ... _BoundArgs> typename std::_Bind_helper<std::__is_socketlike<_Func>::value, _Func, _BoundArgs ...>::type std::[01;32m[Kbind[m[K(_Func&&, _BoundArgs&& ...) [35m[K[with _Func = void (Minimal_publisher::*)(); _BoundArgs = {}][m[K[m[Kâ€™
[2.072s] [01m[K/home/anurag-iyer16/ros2_ws/src/ros2_fundamentals_examples/src/cpp_minimal_publisher.cpp:11:51:[m[K   required from here
[2.072s] [01m[K/usr/include/c++/13/functional:847:21:[m[K [01;31m[Kerror: [m[Kstatic assertion failed: Wrong number of arguments for pointer-to-member
[2.072s]   846 |       static_assert(_Varargs::[01;31m[Kvalue[m[K
[2.072s]       |                               [01;31m[K~~~~~[m[K
[2.072s]   847 | [01;31m[K                    ? sizeof...(_BoundArgs) >= _Arity::value + 1[m[K
[2.072s]       |                     [01;31m[K^~~~~~~~~~~~~~~~~~~~~~~~~~~~~~~~~~~~~~~~~~~~[m[K
[2.072s]   848 | [01;31m[K                    : sizeof...(_BoundArgs) == _Arity::value + 1[m[K,
[2.072s]       |                     [01;31m[K~~~~~~~~~~~~~~~~~~~~~~~~~~~~~~~~~~~~~~~~~~~~[m[K
[2.072s] [01m[K/usr/include/c++/13/functional:847:21:[m[K [01;36m[Knote: [m[Kâ€˜[01m[K(false ? (0 >= (((long unsigned int)std::integral_constant<long unsigned int, 0>::value) + 1)) : (0 == (((long unsigned int)std::integral_constant<long unsigned int, 0>::value) + 1)))[m[Kâ€™ evaluates to false
[2.072s] /usr/include/c++/13/functional: In substitution of â€˜[01m[Ktemplate<class _Functor, class ... _Bound_args> template<class _Fn, class _CallArgs, class ... _BArgs> using std::_Bind<_Functor(_Bound_args ...)>::_Res_type_impl = typename std::result_of<_Fn&(decltype (std::_Mu<typename std::remove_cv<_BArgs>::type, std::is_bind_expression<typename std::remove_cv<_BArgs>::type>::value, (std::is_placeholder<typename std::remove_cv<_BArgs>::type>::value > 0)>()(declval<_BArgs&>(), declval<_CallArgs&>()))&& ...)>::type [35m[K[with _Fn = void (Minimal_publisher::*)(); _BArgs = _CallArgs; _Functor = void (Minimal_publisher::*)(); _Bound_args = {}][m[K[m[Kâ€™:
[2.073s] [01m[K/usr/include/c++/13/functional:556:8:[m[K   required from â€˜[01m[Kclass std::_Bind<void (Minimal_publisher::*())()>[m[Kâ€™
[2.073s] [01m[K/home/anurag-iyer16/ros2_ws/src/ros2_fundamentals_examples/src/cpp_minimal_publisher.cpp:11:51:[m[K   required from here
[2.073s] [01m[K/usr/include/c++/13/functional:552:15:[m[K [01;31m[Kerror: [m[Kno type named â€˜[01m[Ktype[m[Kâ€™ in â€˜[01m[Kstruct std::result_of<void (Minimal_publisher::*&())()>[m[Kâ€™
[2.073s]   552 |         using [01;31m[K_Res_type_impl[m[K
[2.073s]       |               [01;31m[K^~~~~~~~~~~~~~[m[K
[2.073s] /usr/include/c++/13/functional: In substitution of â€˜[01m[Ktemplate<class _Functor, class ... _Bound_args> template<class _Fn, class _CallArgs, class ... _BArgs> using std::_Bind<_Functor(_Bound_args ...)>::_Res_type_impl = typename std::result_of<_Fn&(decltype (std::_Mu<typename std::remove_cv<_BArgs>::type, std::is_bind_expression<typename std::remove_cv<_BArgs>::type>::value, (std::is_placeholder<typename std::remove_cv<_BArgs>::type>::value > 0)>()(declval<_BArgs&>(), declval<_CallArgs&>()))&& ...)>::type [35m[K[with _Fn = void (Minimal_publisher::*)(); _CallArgs = std::tuple<_UTypes ...>; _BArgs = {}; _Functor = void (Minimal_publisher::*)(); _Bound_args = {}][m[K[m[Kâ€™:
[2.073s] [01m[K/usr/include/c++/13/functional:556:8:[m[K   required by substitution of â€˜[01m[Ktemplate<class _Functor, class ... _Bound_args> template<class _CallArgs> using std::_Bind<_Functor(_Bound_args ...)>::_Res_type = std::_Bind<_Functor(_Bound_args ...)>::_Res_type_impl<_Functor, _CallArgs, _Bound_args ...> [35m[K[with _CallArgs = std::tuple<_UTypes ...>; _Functor = void (Minimal_publisher::*)(); _Bound_args = {}][m[K[m[Kâ€™
[2.073s] [01m[K/usr/include/c++/13/functional:589:2:[m[K   required from â€˜[01m[Kclass std::_Bind<void (Minimal_publisher::*())()>[m[Kâ€™
[2.073s] [01m[K/home/anurag-iyer16/ros2_ws/src/ros2_fundamentals_examples/src/cpp_minimal_publisher.cpp:11:51:[m[K   required from here
[2.073s] [01m[K/usr/include/c++/13/functional:552:15:[m[K [01;31m[Kerror: [m[Kno type named â€˜[01m[Ktype[m[Kâ€™ in â€˜[01m[Kstruct std::result_of<void (Minimal_publisher::*&())()>[m[Kâ€™
[2.073s] [01m[K/home/anurag-iyer16/ros2_ws/src/ros2_fundamentals_examples/src/cpp_minimal_publisher.cpp:[m[K In constructor â€˜[01m[KMinimal_publisher::[01;32m[KMinimal_publisher[m[K()[m[Kâ€™:
[2.073s] [01m[K/home/anurag-iyer16/ros2_ws/src/ros2_fundamentals_examples/src/cpp_minimal_publisher.cpp:11:34:[m[K [01;31m[Kerror: [m[Kno matching function for call to â€˜[01m[KMinimal_publisher::create_timer(std::chrono::milliseconds, std::_Bind_helper<false, void (Minimal_publisher::*)()>::type, Minimal_publisher*)[m[Kâ€™
[2.073s]    11 |             timer_ = [01;31m[Kcreate_timer(500ms, std::bind(&Minimal_publisher::timerCallback), this)[m[K;
[2.073s]       |                      [01;31m[K~~~~~~~~~~~~^~~~~~~~~~~~~~~~~~~~~~~~~~~~~~~~~~~~~~~~~~~~~~~~~~~~~~~~~~~[m[K
[2.073s] In file included from [01m[K/opt/ros/jazzy/include/rclcpp/rclcpp/executors/single_threaded_executor.hpp:28[m[K,
[2.073s]                  from [01m[K/opt/ros/jazzy/include/rclcpp/rclcpp/executors.hpp:22[m[K,
[2.073s]                  from [01m[K/opt/ros/jazzy/include/rclcpp/rclcpp/rclcpp.hpp:172[m[K:
[2.073s] [01m[K/opt/ros/jazzy/include/rclcpp/rclcpp/node.hpp:255:3:[m[K [01;36m[Knote: [m[Kcandidate: â€˜[01m[Ktemplate<class DurationRepT, class DurationT, class CallbackT> typename rclcpp::GenericTimer<CallbackT>::SharedPtr rclcpp::Node::[01;32m[Kcreate_timer[m[K(std::chrono::duration<_Rep1, _Period1>, CallbackT, rclcpp::CallbackGroup::SharedPtr)[m[Kâ€™
[2.073s]   255 |   [01;36m[Kcreate_timer[m[K(
[2.073s]       |   [01;36m[K^~~~~~~~~~~~[m[K
[2.073s] [01m[K/opt/ros/jazzy/include/rclcpp/rclcpp/node.hpp:255:3:[m[K [01;36m[Knote: [m[K  template argument deduction/substitution failed:
[2.073s] [01m[K/home/anurag-iyer16/ros2_ws/src/ros2_fundamentals_examples/src/cpp_minimal_publisher.cpp:11:88:[m[K [01;36m[Knote: [m[K  cannot convert â€˜[01m[K(Minimal_publisher*)this[m[Kâ€™ (type â€˜[01m[KMinimal_publisher*[m[Kâ€™) to type â€˜[01m[Krclcpp::CallbackGroup::SharedPtr[m[Kâ€™ {aka â€˜[01m[Kstd::shared_ptr<rclcpp::CallbackGroup>[m[Kâ€™}
[2.073s]    11 |             timer_ = create_timer(500ms, std::bind(&Minimal_publisher::timerCallback), [01;36m[Kthis[m[K);
[2.073s]       |                                                                                        [01;36m[K^~~~[m[K
[2.073s] [01m[K/home/anurag-iyer16/ros2_ws/src/ros2_fundamentals_examples/src/cpp_minimal_publisher.cpp:[m[K In member function â€˜[01m[Kvoid Minimal_publisher::[01;32m[KtimerCallback[m[K()[m[Kâ€™:
[2.073s] [01m[K/home/anurag-iyer16/ros2_ws/src/ros2_fundamentals_examples/src/cpp_minimal_publisher.cpp:19:25:[m[K [01;31m[Kerror: [m[Kexpected unqualified-id before â€˜[01m[Kpublic[m[Kâ€™
[2.074s]    19 |             publisher_->[01;31m[Kpublic[m[K(message);
[2.074s]       |                         [01;31m[K^~~~~~[m[K
[2.674s] gmake[2]: *** [CMakeFiles/minimal_cpp_publisher.dir/build.make:76: CMakeFiles/minimal_cpp_publisher.dir/src/cpp_minimal_publisher.cpp.o] Error 1
[2.674s] gmake[1]: *** [CMakeFiles/Makefile2:140: CMakeFiles/minimal_cpp_publisher.dir/all] Error 2
[2.675s] gmake: *** [Makefile:146: all] Error 2
[2.677s] Invoked command in '/home/anurag-iyer16/ros2_ws/build/ros2_fundamentals_examples' returned '2': CMAKE_PREFIX_PATH=${CMAKE_PREFIX_PATH}:/home/anurag-iyer16/ros2_ws/install/my_robot_controller:/opt/ros/jazzy /usr/bin/cmake --build /home/anurag-iyer16/ros2_ws/build/ros2_fundamentals_examples -- -j12 -l12
