[01m[K/home/anurag-iyer16/ros2_ws/src/ros2_fundamentals_examples/src/cpp_minimal_subscriber.cpp:4:12:[m[K [01;31m[Kerror: [m[Kâ€˜[01m[Kstd::placeholder[m[Kâ€™ has not been declared
    4 | using std::[01;31m[Kplaceholder[m[K::_1;
      |            [01;31m[K^~~~~~~~~~~[m[K
[01m[K/home/anurag-iyer16/ros2_ws/src/ros2_fundamentals_examples/src/cpp_minimal_subscriber.cpp:17:17:[m[K [01;31m[Kerror: [m[Kâ€˜[01m[KSubscripion[m[Kâ€™ in namespace â€˜[01m[Krclcpp[m[Kâ€™ does not name a template type; did you mean â€˜[01m[KSubscription[m[Kâ€™?
   17 |         rclcpp::[01;31m[KSubscripion[m[K<std_msgs::msg::String>::SharedPtr subsbcriber_;
      |                 [01;31m[K^~~~~~~~~~~[m[K
      |                 [32m[KSubscription[m[K
[01m[K/home/anurag-iyer16/ros2_ws/src/ros2_fundamentals_examples/src/cpp_minimal_subscriber.cpp:[m[K In constructor â€˜[01m[KMinimal_subscriber::[01;32m[KMinimal_subscriber[m[K()[m[Kâ€™:
[01m[K/home/anurag-iyer16/ros2_ws/src/ros2_fundamentals_examples/src/cpp_minimal_subscriber.cpp:9:13:[m[K [01;31m[Kerror: [m[Kâ€˜[01m[Ksubsbcriber_[m[Kâ€™ was not declared in this scope
    9 |             [01;31m[Ksubsbcriber_[m[K=create_subscription<std_msgs::msg::String>("/cpp_example_topic", 10, std::bind(&Minimal_subscriber::topicCallback, this, _1));
      |             [01;31m[K^~~~~~~~~~~~[m[K
[01m[K/home/anurag-iyer16/ros2_ws/src/ros2_fundamentals_examples/src/cpp_minimal_subscriber.cpp:9:147:[m[K [01;31m[Kerror: [m[Kâ€˜[01m[K_1[m[Kâ€™ was not declared in this scope; did you mean â€˜[01m[Kstd::placeholders::_1[m[Kâ€™?
    9 |             subsbcriber_=create_subscription<std_msgs::msg::String>("/cpp_example_topic", 10, std::bind(&Minimal_subscriber::topicCallback, this, [01;31m[K_1[m[K));
      |                                                                                                                                                   [01;31m[K^~[m[K
      |                                                                                                                                                   [32m[Kstd::placeholders::_1[m[K
In file included from [01m[K/opt/ros/jazzy/include/rclcpp/rclcpp/utilities.hpp:19[m[K,
                 from [01m[K/opt/ros/jazzy/include/rclcpp/rclcpp/logging.hpp:25[m[K,
                 from [01m[K/opt/ros/jazzy/include/rclcpp/rclcpp/copy_all_parameter_values.hpp:27[m[K,
                 from [01m[K/opt/ros/jazzy/include/rclcpp/rclcpp/rclcpp.hpp:171[m[K,
                 from [01m[K/home/anurag-iyer16/ros2_ws/src/ros2_fundamentals_examples/src/cpp_minimal_subscriber.cpp:1[m[K:
[01m[K/usr/include/c++/13/functional:294:48:[m[K [01;36m[Knote: [m[Kâ€˜[01m[Kstd::placeholders::_1[m[Kâ€™ declared here
  294 |     _GLIBCXX_PLACEHOLDER const _Placeholder<1> [01;36m[K_1[m[K;
      |                                                [01;36m[K^~[m[K
[01m[K/home/anurag-iyer16/ros2_ws/src/ros2_fundamentals_examples/src/cpp_minimal_subscriber.cpp:[m[K In function â€˜[01m[Kint[01;32m[K main[m[K(int, char**)[m[Kâ€™:
[01m[K/home/anurag-iyer16/ros2_ws/src/ros2_fundamentals_examples/src/cpp_minimal_subscriber.cpp:24:13:[m[K [01;31m[Kerror: [m[Kâ€˜[01m[Ksipn[m[Kâ€™ is not a member of â€˜[01m[Krclcpp[m[Kâ€™; did you mean â€˜[01m[Kspin[m[Kâ€™?
   24 |     rclcpp::[01;31m[Ksipn[m[K(minimal_cpp_subscriber_node);
      |             [01;31m[K^~~~[m[K
      |             [32m[Kspin[m[K
gmake[2]: *** [CMakeFiles/minimal_cpp_subscriber.dir/build.make:76: CMakeFiles/minimal_cpp_subscriber.dir/src/cpp_minimal_subscriber.cpp.o] Error 1
gmake[1]: *** [CMakeFiles/Makefile2:168: CMakeFiles/minimal_cpp_subscriber.dir/all] Error 2
gmake: *** [Makefile:146: all] Error 2
