[0.015s] Invoking command in '/home/anurag-iyer16/ros2_ws/build/ros2_fundamentals_examples': CMAKE_PREFIX_PATH=${CMAKE_PREFIX_PATH}:/home/anurag-iyer16/ros2_ws/install/my_robot_controller:/opt/ros/jazzy DEBUGINFOD_URLS=https://debuginfod.ubuntu.com /usr/bin/cmake --build /home/anurag-iyer16/ros2_ws/build/ros2_fundamentals_examples -- -j12 -l12
[0.090s] [ 50%] Built target minimal_cpp_publisher
[0.098s] [ 50%] Built target ament_cmake_python_copy_ros2_fundamentals_examples
[0.099s] [ 75%] [32mBuilding CXX object CMakeFiles/minimal_cpp_subscriber.dir/src/cpp_minimal_subscriber.cpp.o[0m
[0.364s] running egg_info
[0.388s] writing ros2_fundamentals_examples.egg-info/PKG-INFO
[0.388s] writing dependency_links to ros2_fundamentals_examples.egg-info/dependency_links.txt
[0.388s] writing top-level names to ros2_fundamentals_examples.egg-info/top_level.txt
[0.457s] reading manifest file 'ros2_fundamentals_examples.egg-info/SOURCES.txt'
[0.457s] writing manifest file 'ros2_fundamentals_examples.egg-info/SOURCES.txt'
[0.494s] [ 75%] Built target ament_cmake_python_build_ros2_fundamentals_examples_egg
[2.454s] [01m[K/home/anurag-iyer16/ros2_ws/src/ros2_fundamentals_examples/src/cpp_minimal_subscriber.cpp:4:12:[m[K [01;31m[Kerror: [m[Kâ€˜[01m[Kstd::placeholder[m[Kâ€™ has not been declared
[2.455s]     4 | using std::[01;31m[Kplaceholder[m[K::_1;
[2.455s]       |            [01;31m[K^~~~~~~~~~~[m[K
[2.455s] [01m[K/home/anurag-iyer16/ros2_ws/src/ros2_fundamentals_examples/src/cpp_minimal_subscriber.cpp:17:17:[m[K [01;31m[Kerror: [m[Kâ€˜[01m[KSubscripion[m[Kâ€™ in namespace â€˜[01m[Krclcpp[m[Kâ€™ does not name a template type; did you mean â€˜[01m[KSubscription[m[Kâ€™?
[2.455s]    17 |         rclcpp::[01;31m[KSubscripion[m[K<std_msgs::msg::String>::SharedPtr subsbcriber_;
[2.455s]       |                 [01;31m[K^~~~~~~~~~~[m[K
[2.455s]       |                 [32m[KSubscription[m[K
[2.466s] [01m[K/home/anurag-iyer16/ros2_ws/src/ros2_fundamentals_examples/src/cpp_minimal_subscriber.cpp:[m[K In constructor â€˜[01m[KMinimal_subscriber::[01;32m[KMinimal_subscriber[m[K()[m[Kâ€™:
[2.466s] [01m[K/home/anurag-iyer16/ros2_ws/src/ros2_fundamentals_examples/src/cpp_minimal_subscriber.cpp:9:13:[m[K [01;31m[Kerror: [m[Kâ€˜[01m[Ksubsbcriber_[m[Kâ€™ was not declared in this scope
[2.466s]     9 |             [01;31m[Ksubsbcriber_[m[K=create_subscription<std_msgs::msg::String>("/cpp_example_topic", 10, std::bind(&Minimal_subscriber::topicCallback, this, _1));
[2.466s]       |             [01;31m[K^~~~~~~~~~~~[m[K
[2.467s] [01m[K/home/anurag-iyer16/ros2_ws/src/ros2_fundamentals_examples/src/cpp_minimal_subscriber.cpp:9:147:[m[K [01;31m[Kerror: [m[Kâ€˜[01m[K_1[m[Kâ€™ was not declared in this scope; did you mean â€˜[01m[Kstd::placeholders::_1[m[Kâ€™?
[2.467s]     9 |             subsbcriber_=create_subscription<std_msgs::msg::String>("/cpp_example_topic", 10, std::bind(&Minimal_subscriber::topicCallback, this, [01;31m[K_1[m[K));
[2.467s]       |                                                                                                                                                   [01;31m[K^~[m[K
[2.467s]       |                                                                                                                                                   [32m[Kstd::placeholders::_1[m[K
[2.467s] In file included from [01m[K/opt/ros/jazzy/include/rclcpp/rclcpp/utilities.hpp:19[m[K,
[2.467s]                  from [01m[K/opt/ros/jazzy/include/rclcpp/rclcpp/logging.hpp:25[m[K,
[2.467s]                  from [01m[K/opt/ros/jazzy/include/rclcpp/rclcpp/copy_all_parameter_values.hpp:27[m[K,
[2.467s]                  from [01m[K/opt/ros/jazzy/include/rclcpp/rclcpp/rclcpp.hpp:171[m[K,
[2.467s]                  from [01m[K/home/anurag-iyer16/ros2_ws/src/ros2_fundamentals_examples/src/cpp_minimal_subscriber.cpp:1[m[K:
[2.467s] [01m[K/usr/include/c++/13/functional:294:48:[m[K [01;36m[Knote: [m[Kâ€˜[01m[Kstd::placeholders::_1[m[Kâ€™ declared here
[2.467s]   294 |     _GLIBCXX_PLACEHOLDER const _Placeholder<1> [01;36m[K_1[m[K;
[2.467s]       |                                                [01;36m[K^~[m[K
[2.470s] [01m[K/home/anurag-iyer16/ros2_ws/src/ros2_fundamentals_examples/src/cpp_minimal_subscriber.cpp:[m[K In function â€˜[01m[Kint[01;32m[K main[m[K(int, char**)[m[Kâ€™:
[2.470s] [01m[K/home/anurag-iyer16/ros2_ws/src/ros2_fundamentals_examples/src/cpp_minimal_subscriber.cpp:24:13:[m[K [01;31m[Kerror: [m[Kâ€˜[01m[Ksipn[m[Kâ€™ is not a member of â€˜[01m[Krclcpp[m[Kâ€™; did you mean â€˜[01m[Kspin[m[Kâ€™?
[2.470s]    24 |     rclcpp::[01;31m[Ksipn[m[K(minimal_cpp_subscriber_node);
[2.470s]       |             [01;31m[K^~~~[m[K
[2.470s]       |             [32m[Kspin[m[K
[3.142s] gmake[2]: *** [CMakeFiles/minimal_cpp_subscriber.dir/build.make:76: CMakeFiles/minimal_cpp_subscriber.dir/src/cpp_minimal_subscriber.cpp.o] Error 1
[3.142s] gmake[1]: *** [CMakeFiles/Makefile2:168: CMakeFiles/minimal_cpp_subscriber.dir/all] Error 2
[3.142s] gmake: *** [Makefile:146: all] Error 2
[3.145s] Invoked command in '/home/anurag-iyer16/ros2_ws/build/ros2_fundamentals_examples' returned '2': CMAKE_PREFIX_PATH=${CMAKE_PREFIX_PATH}:/home/anurag-iyer16/ros2_ws/install/my_robot_controller:/opt/ros/jazzy DEBUGINFOD_URLS=https://debuginfod.ubuntu.com /usr/bin/cmake --build /home/anurag-iyer16/ros2_ws/build/ros2_fundamentals_examples -- -j12 -l12
