[01m[K/home/anurag-iyer16/ros2_ws/src/ros2_fundamentals_examples/src/cpp_minimal_publisher.cpp:10:9:[m[K [01;31m[Kerror: [m[Kâ€˜[01m[Krclcpp::TimerBase[m[Kâ€™ is not a template
   10 |         [01;31m[Krclcpp[m[K::TimerBase<std_msgs::msg::String>::SharedPtr timer_;
      |         [01;31m[K^~~~~~[m[K
[01m[K/home/anurag-iyer16/ros2_ws/src/ros2_fundamentals_examples/src/cpp_minimal_publisher.cpp:10:49:[m[K [01;31m[Kerror: [m[Kinvalid use of â€˜[01m[K::[m[Kâ€™
   10 |         rclcpp::TimerBase<std_msgs::msg::String>[01;31m[K::[m[KSharedPtr timer_;
      |                                                 [01;31m[K^~[m[K
[01m[K/home/anurag-iyer16/ros2_ws/src/ros2_fundamentals_examples/src/cpp_minimal_publisher.cpp:10:51:[m[K [01;31m[Kerror: [m[Kexpected â€˜[01m[K;[m[Kâ€™ at end of member declaration
   10 |         rclcpp::TimerBase<std_msgs::msg::String>::[01;31m[KSharedPtr[m[K timer_;
      |                                                   [01;31m[K^~~~~~~~~[m[K
      |                                                            [32m[K;[m[K
[01m[K/home/anurag-iyer16/ros2_ws/src/ros2_fundamentals_examples/src/cpp_minimal_publisher.cpp:10:61:[m[K [01;31m[Kerror: [m[Kâ€˜[01m[Ktimer_[m[Kâ€™ does not name a type; did you mean â€˜[01m[Ktimer_t[m[Kâ€™?
   10 |         rclcpp::TimerBase<std_msgs::msg::String>::SharedPtr [01;31m[Ktimer_[m[K;
      |                                                             [01;31m[K^~~~~~[m[K
      |                                                             [32m[Ktimer_t[m[K
[01m[K/home/anurag-iyer16/ros2_ws/src/ros2_fundamentals_examples/src/cpp_minimal_publisher.cpp:13:32:[m[K [01;31m[Kerror: [m[Kno matching function for call to â€˜[01m[Krclcpp::Node::Node()[m[Kâ€™
   13 |         Minimal_publisher:Node([01;31m[K)[m[K,count_(0){
      |                                [01;31m[K^[m[K
In file included from [01m[K/opt/ros/jazzy/include/rclcpp/rclcpp/executors/single_threaded_executor.hpp:28[m[K,
                 from [01m[K/opt/ros/jazzy/include/rclcpp/rclcpp/executors.hpp:22[m[K,
                 from [01m[K/opt/ros/jazzy/include/rclcpp/rclcpp/rclcpp.hpp:172[m[K,
                 from [01m[K/home/anurag-iyer16/ros2_ws/src/ros2_fundamentals_examples/src/cpp_minimal_publisher.cpp:1[m[K:
[01m[K/opt/ros/jazzy/include/rclcpp/rclcpp/node.hpp:1629:3:[m[K [01;36m[Knote: [m[Kcandidate: â€˜[01m[Krclcpp::Node::[01;32m[KNode[m[K(const rclcpp::Node&, const std::string&)[m[Kâ€™
 1629 |   [01;36m[KNode[m[K(
      |   [01;36m[K^~~~[m[K
[01m[K/opt/ros/jazzy/include/rclcpp/rclcpp/node.hpp:1629:3:[m[K [01;36m[Knote: [m[K  candidate expects 2 arguments, 0 provided
[01m[K/opt/ros/jazzy/include/rclcpp/rclcpp/node.hpp:103:12:[m[K [01;36m[Knote: [m[Kcandidate: â€˜[01m[Krclcpp::Node::[01;32m[KNode[m[K(const std::string&, const std::string&, const rclcpp::NodeOptions&)[m[Kâ€™
  103 |   explicit [01;36m[KNode[m[K(
      |            [01;36m[K^~~~[m[K
[01m[K/opt/ros/jazzy/include/rclcpp/rclcpp/node.hpp:103:12:[m[K [01;36m[Knote: [m[K  candidate expects 3 arguments, 0 provided
[01m[K/opt/ros/jazzy/include/rclcpp/rclcpp/node.hpp:91:12:[m[K [01;36m[Knote: [m[Kcandidate: â€˜[01m[Krclcpp::Node::[01;32m[KNode[m[K(const std::string&, const rclcpp::NodeOptions&)[m[Kâ€™
   91 |   explicit [01;36m[KNode[m[K(
      |            [01;36m[K^~~~[m[K
[01m[K/opt/ros/jazzy/include/rclcpp/rclcpp/node.hpp:91:12:[m[K [01;36m[Knote: [m[K  candidate expects 2 arguments, 0 provided
[01m[K/home/anurag-iyer16/ros2_ws/src/ros2_fundamentals_examples/src/cpp_minimal_publisher.cpp:13:32:[m[K [01;31m[Kerror: [m[Kname â€˜[01m[KMinimal_publisher[m[Kâ€™ has incomplete type
   13 |         Minimal_publisher:Node([01;31m[K)[m[K,count_(0){
      |                                [01;31m[K^[m[K
[01m[K/home/anurag-iyer16/ros2_ws/src/ros2_fundamentals_examples/src/cpp_minimal_publisher.cpp:13:41:[m[K [01;31m[Kerror: [m[Kexpected identifier before numeric constant
   13 |         Minimal_publisher:Node(),count_([01;31m[K0[m[K){
      |                                         [01;31m[K^[m[K
[01m[K/home/anurag-iyer16/ros2_ws/src/ros2_fundamentals_examples/src/cpp_minimal_publisher.cpp:13:41:[m[K [01;31m[Kerror: [m[Kexpected â€˜[01m[K,[m[Kâ€™ or â€˜[01m[K...[m[Kâ€™ before numeric constant
[01m[K/home/anurag-iyer16/ros2_ws/src/ros2_fundamentals_examples/src/cpp_minimal_publisher.cpp:17:9:[m[K [01;31m[Kerror: [m[Kâ€˜[01m[KMinimal_publisher Minimal_publisher::[01;32m[Kcount_[m[K(int)[m[Kâ€™ conflicts with a previous declaration
   17 |         [01;31m[K}[m[K
      |         [01;31m[K^[m[K
[01m[K/home/anurag-iyer16/ros2_ws/src/ros2_fundamentals_examples/src/cpp_minimal_publisher.cpp:8:16:[m[K [01;36m[Knote: [m[Kprevious declaration â€˜[01m[Ksize_t Minimal_publisher::count_[m[Kâ€™
    8 |         size_t [01;36m[Kcount_[m[K;
      |                [01;36m[K^~~~~~[m[K
[01m[K/home/anurag-iyer16/ros2_ws/src/ros2_fundamentals_examples/src/cpp_minimal_publisher.cpp:[m[K In member function â€˜[01m[KMinimal_publisher Minimal_publisher::[01;32m[Kcount_[m[K(int)[m[Kâ€™:
[01m[K/home/anurag-iyer16/ros2_ws/src/ros2_fundamentals_examples/src/cpp_minimal_publisher.cpp:15:13:[m[K [01;31m[Kerror: [m[Kâ€˜[01m[Ktimer_[m[Kâ€™ was not declared in this scope; did you mean â€˜[01m[Ktimer_t[m[Kâ€™?
   15 |             [01;31m[Ktimer_[m[K=create_timer(500ms, std::bind(&Minimal_publisher::timerCallback, this));
      |             [01;31m[K^~~~~~[m[K
      |             [32m[Ktimer_t[m[K
[01m[K/home/anurag-iyer16/ros2_ws/src/ros2_fundamentals_examples/src/cpp_minimal_publisher.cpp:17:9:[m[K [01;35m[Kwarning: [m[Kno return statement in function returning non-void [[01;35m[K]8;;https://gcc.gnu.org/onlinedocs/gcc/Warning-Options.html#index-Wreturn-type-Wreturn-type]8;;[m[K]
   17 |         [01;35m[K}[m[K
      |         [01;35m[K^[m[K
[01m[K/home/anurag-iyer16/ros2_ws/src/ros2_fundamentals_examples/src/cpp_minimal_publisher.cpp:[m[K In member function â€˜[01m[Kvoid Minimal_publisher::[01;32m[KtimerCallback[m[K()[m[Kâ€™:
[01m[K/home/anurag-iyer16/ros2_ws/src/ros2_fundamentals_examples/src/cpp_minimal_publisher.cpp:22:13:[m[K [01;31m[Kerror: [m[Kâ€˜[01m[Kpublisher[m[Kâ€™ was not declared in this scope; did you mean â€˜[01m[Kpublisher_[m[Kâ€™?
   22 |             [01;31m[Kpublisher[m[K->_publish(message);
      |             [01;31m[K^~~~~~~~~[m[K
      |             [32m[Kpublisher_[m[K
In file included from [01m[K/usr/include/c++/13/bits/stl_tempbuf.h:61[m[K,
                 from [01m[K/usr/include/c++/13/memory:66[m[K,
                 from [01m[K/opt/ros/jazzy/include/rclcpp/rclcpp/rclcpp.hpp:169[m[K:
/usr/include/c++/13/bits/stl_construct.h: In instantiation of â€˜[01m[Kvoid std::[01;32m[K_Construct[m[K(_Tp*, _Args&& ...) [35m[K[with _Tp = Minimal_publisher; _Args = {}][m[K[m[Kâ€™:
[01m[K/usr/include/c++/13/bits/alloc_traits.h:661:19:[m[K   required from â€˜[01m[Kstatic void std::allocator_traits<std::allocator<void> >::[01;32m[Kconstruct[m[K(allocator_type&, _Up*, _Args&& ...) [35m[K[with _Up = Minimal_publisher; _Args = {}; allocator_type = std::allocator<void>][m[K[m[Kâ€™
[01m[K/usr/include/c++/13/bits/shared_ptr_base.h:604:39:[m[K   required from â€˜[01m[Kstd::_Sp_counted_ptr_inplace<_Tp, _Alloc, _Lp>::[01;32m[K_Sp_counted_ptr_inplace[m[K(_Alloc, _Args&& ...) [35m[K[with _Args = {}; _Tp = Minimal_publisher; _Alloc = std::allocator<void>; __gnu_cxx::_Lock_policy _Lp = __gnu_cxx::_S_atomic][m[K[m[Kâ€™
[01m[K/usr/include/c++/13/bits/shared_ptr_base.h:971:16:[m[K   required from â€˜[01m[Kstd::__shared_count<_Lp>::[01;32m[K__shared_count[m[K(_Tp*&, std::_Sp_alloc_shared_tag<_Alloc>, _Args&& ...) [35m[K[with _Tp = Minimal_publisher; _Alloc = std::allocator<void>; _Args = {}; __gnu_cxx::_Lock_policy _Lp = __gnu_cxx::_S_atomic][m[K[m[Kâ€™
[01m[K/usr/include/c++/13/bits/shared_ptr_base.h:1712:14:[m[K   required from â€˜[01m[Kstd::__shared_ptr<_Tp, _Lp>::[01;32m[K__shared_ptr[m[K(std::_Sp_alloc_shared_tag<_Tp>, _Args&& ...) [35m[K[with _Alloc = std::allocator<void>; _Args = {}; _Tp = Minimal_publisher; __gnu_cxx::_Lock_policy _Lp = __gnu_cxx::_S_atomic][m[K[m[Kâ€™
[01m[K/usr/include/c++/13/bits/shared_ptr.h:464:59:[m[K   required from â€˜[01m[Kstd::shared_ptr<_Tp>::[01;32m[Kshared_ptr[m[K(std::_Sp_alloc_shared_tag<_Tp>, _Args&& ...) [35m[K[with _Alloc = std::allocator<void>; _Args = {}; _Tp = Minimal_publisher][m[K[m[Kâ€™
[01m[K/usr/include/c++/13/bits/shared_ptr.h:1009:14:[m[K   required from â€˜[01m[Kstd::shared_ptr<typename std::enable_if<(! std::is_array< <template-parameter-1-1> >::value), _Tp>::type> std::[01;32m[Kmake_shared[m[K(_Args&& ...) [35m[K[with _Tp = Minimal_publisher; _Args = {}; typename enable_if<(! is_array< <template-parameter-1-1> >::value), _Tp>::type = Minimal_publisher][m[K[m[Kâ€™
[01m[K/home/anurag-iyer16/ros2_ws/src/ros2_fundamentals_examples/src/cpp_minimal_publisher.cpp:29:72:[m[K   required from here
[01m[K/usr/include/c++/13/bits/stl_construct.h:119:7:[m[K [01;31m[Kerror: [m[Kuse of deleted function â€˜[01m[KMinimal_publisher::[01;32m[KMinimal_publisher[m[K()[m[Kâ€™
  119 |       [01;31m[K::new((void*)__p) _Tp(std::forward<_Args>(__args)...)[m[K;
      |       [01;31m[K^~~~~~~~~~~~~~~~~~~~~~~~~~~~~~~~~~~~~~~~~~~~~~~~~~~~~[m[K
[01m[K/home/anurag-iyer16/ros2_ws/src/ros2_fundamentals_examples/src/cpp_minimal_publisher.cpp:6:7:[m[K [01;36m[Knote: [m[Kâ€˜[01m[KMinimal_publisher::[01;32m[KMinimal_publisher[m[K()[m[Kâ€™ is implicitly deleted because the default definition would be ill-formed:
    6 | class [01;36m[KMinimal_publisher[m[K:public rclcpp::Node{
      |       [01;36m[K^~~~~~~~~~~~~~~~~[m[K
[01m[K/home/anurag-iyer16/ros2_ws/src/ros2_fundamentals_examples/src/cpp_minimal_publisher.cpp:6:7:[m[K [01;31m[Kerror: [m[Kno matching function for call to â€˜[01m[Krclcpp::Node::Node()[m[Kâ€™
[01m[K/opt/ros/jazzy/include/rclcpp/rclcpp/node.hpp:1629:3:[m[K [01;36m[Knote: [m[Kcandidate: â€˜[01m[Krclcpp::Node::[01;32m[KNode[m[K(const rclcpp::Node&, const std::string&)[m[Kâ€™
 1629 |   [01;36m[KNode[m[K(
      |   [01;36m[K^~~~[m[K
[01m[K/opt/ros/jazzy/include/rclcpp/rclcpp/node.hpp:1629:3:[m[K [01;36m[Knote: [m[K  candidate expects 2 arguments, 0 provided
[01m[K/opt/ros/jazzy/include/rclcpp/rclcpp/node.hpp:103:12:[m[K [01;36m[Knote: [m[Kcandidate: â€˜[01m[Krclcpp::Node::[01;32m[KNode[m[K(const std::string&, const std::string&, const rclcpp::NodeOptions&)[m[Kâ€™
  103 |   explicit [01;36m[KNode[m[K(
      |            [01;36m[K^~~~[m[K
[01m[K/opt/ros/jazzy/include/rclcpp/rclcpp/node.hpp:103:12:[m[K [01;36m[Knote: [m[K  candidate expects 3 arguments, 0 provided
[01m[K/opt/ros/jazzy/include/rclcpp/rclcpp/node.hpp:91:12:[m[K [01;36m[Knote: [m[Kcandidate: â€˜[01m[Krclcpp::Node::[01;32m[KNode[m[K(const std::string&, const rclcpp::NodeOptions&)[m[Kâ€™
   91 |   explicit [01;36m[KNode[m[K(
      |            [01;36m[K^~~~[m[K
[01m[K/opt/ros/jazzy/include/rclcpp/rclcpp/node.hpp:91:12:[m[K [01;36m[Knote: [m[K  candidate expects 2 arguments, 0 provided
gmake[2]: *** [CMakeFiles/minimal_cpp_publisher.dir/build.make:76: CMakeFiles/minimal_cpp_publisher.dir/src/cpp_minimal_publisher.cpp.o] Error 1
gmake[1]: *** [CMakeFiles/Makefile2:140: CMakeFiles/minimal_cpp_publisher.dir/all] Error 2
gmake: *** [Makefile:146: all] Error 2
